
**** Clean-only build of configuration Debug for project Lab5 ****

"C:\\ti\\ccsv5\\utils\\bin\\gmake" -k clean 
DEL /F  "Lab5.out"
DEL /F "L138_LCDK_aic3106_init.pp" "L138_LCDK_switch_led.pp" "gpio.pp" "main.pp" "neuralNet.pp" "psc.pp" 
DEL /F "L138_LCDK_aic3106_init.obj" "L138_LCDK_switch_led.obj" "gpio.obj" "main.obj" "neuralNet.obj" "psc.obj" "vectors_intr.obj" 
DEL /F "vectors_intr.pp" 
Could Not Find C:\Users\ECE113DWS20\Documents\More_CCS_Stuff\EE113D\Lab5\Debug\vectors_intr.pp
'Finished clean'
' '

**** Build Finished ****

**** Build of configuration Debug for project Lab5 ****

"C:\\ti\\ccsv5\\utils\\bin\\gmake" -k all 
'Building file: ../L138_LCDK_aic3106_init.c'
'Invoking: C6000 Compiler'
"C:/ti/ccsv5/tools/compiler/c6000_7.4.4/bin/cl6x" -mv6740 --abi=coffabi -g --include_path="C:/ti/ccsv5/tools/compiler/c6000_7.4.4/include" --include_path="C:/ti/dsplib_c674x_3_4_0_0/packages" --include_path="C:/ti/L138_support" --include_path="C:/ti/OMAP-L138_GEL_BSL_Files/bsl/inc" --include_path="C:/ti/OMAPL138_StarterWare_1_10_04_01/include" --include_path="C:/ti/OMAPL138_StarterWare_1_10_04_01/include/hw" --include_path="C:/ti/OMAPL138_StarterWare_1_10_04_01/include/c674x/omapl138" --define=omapl138 --display_error_number --diag_warning=225 --diag_wrap=off --preproc_with_compile --preproc_dependency="L138_LCDK_aic3106_init.pp"  "../L138_LCDK_aic3106_init.c"
'Finished building: ../L138_LCDK_aic3106_init.c'
' '
'Building file: ../L138_LCDK_switch_led.c'
'Invoking: C6000 Compiler'
"C:/ti/ccsv5/tools/compiler/c6000_7.4.4/bin/cl6x" -mv6740 --abi=coffabi -g --include_path="C:/ti/ccsv5/tools/compiler/c6000_7.4.4/include" --include_path="C:/ti/dsplib_c674x_3_4_0_0/packages" --include_path="C:/ti/L138_support" --include_path="C:/ti/OMAP-L138_GEL_BSL_Files/bsl/inc" --include_path="C:/ti/OMAPL138_StarterWare_1_10_04_01/include" --include_path="C:/ti/OMAPL138_StarterWare_1_10_04_01/include/hw" --include_path="C:/ti/OMAPL138_StarterWare_1_10_04_01/include/c674x/omapl138" --define=omapl138 --display_error_number --diag_warning=225 --diag_wrap=off --preproc_with_compile --preproc_dependency="L138_LCDK_switch_led.pp"  "../L138_LCDK_switch_led.c"
'Finished building: ../L138_LCDK_switch_led.c'
' '
'Building file: ../gpio.c'
'Invoking: C6000 Compiler'
"C:/ti/ccsv5/tools/compiler/c6000_7.4.4/bin/cl6x" -mv6740 --abi=coffabi -g --include_path="C:/ti/ccsv5/tools/compiler/c6000_7.4.4/include" --include_path="C:/ti/dsplib_c674x_3_4_0_0/packages" --include_path="C:/ti/L138_support" --include_path="C:/ti/OMAP-L138_GEL_BSL_Files/bsl/inc" --include_path="C:/ti/OMAPL138_StarterWare_1_10_04_01/include" --include_path="C:/ti/OMAPL138_StarterWare_1_10_04_01/include/hw" --include_path="C:/ti/OMAPL138_StarterWare_1_10_04_01/include/c674x/omapl138" --define=omapl138 --display_error_number --diag_warning=225 --diag_wrap=off --preproc_with_compile --preproc_dependency="gpio.pp"  "../gpio.c"
'Finished building: ../gpio.c'
' '
'Building file: ../main.c'
'Invoking: C6000 Compiler'
"C:/ti/ccsv5/tools/compiler/c6000_7.4.4/bin/cl6x" -mv6740 --abi=coffabi -g --include_path="C:/ti/ccsv5/tools/compiler/c6000_7.4.4/include" --include_path="C:/ti/dsplib_c674x_3_4_0_0/packages" --include_path="C:/ti/L138_support" --include_path="C:/ti/OMAP-L138_GEL_BSL_Files/bsl/inc" --include_path="C:/ti/OMAPL138_StarterWare_1_10_04_01/include" --include_path="C:/ti/OMAPL138_StarterWare_1_10_04_01/include/hw" --include_path="C:/ti/OMAPL138_StarterWare_1_10_04_01/include/c674x/omapl138" --define=omapl138 --display_error_number --diag_warning=225 --diag_wrap=off --preproc_with_compile --preproc_dependency="main.pp"  "../main.c"
"C:/ti/ccsv5/tools/compiler/c6000_7.4.4/include/stdint.h", line 42: warning #303-D: typedef name has already been declared (with same type)
"C:/ti/ccsv5/tools/compiler/c6000_7.4.4/include/stdint.h", line 43: warning #303-D: typedef name has already been declared (with same type)
"C:/ti/ccsv5/tools/compiler/c6000_7.4.4/include/stdint.h", line 44: warning #303-D: typedef name has already been declared (with same type)
"C:/ti/ccsv5/tools/compiler/c6000_7.4.4/include/stdint.h", line 45: warning #303-D: typedef name has already been declared (with same type)
"C:/ti/ccsv5/tools/compiler/c6000_7.4.4/include/stdint.h", line 46: warning #303-D: typedef name has already been declared (with same type)
"C:/ti/ccsv5/tools/compiler/c6000_7.4.4/include/stdint.h", line 47: warning #303-D: typedef name has already been declared (with same type)
"../main.c", line 335: warning #225-D: function declared implicitly
'Finished building: ../main.c'
' '
'Building file: ../neuralNet.c'
'Invoking: C6000 Compiler'
"C:/ti/ccsv5/tools/compiler/c6000_7.4.4/bin/cl6x" -mv6740 --abi=coffabi -g --include_path="C:/ti/ccsv5/tools/compiler/c6000_7.4.4/include" --include_path="C:/ti/dsplib_c674x_3_4_0_0/packages" --include_path="C:/ti/L138_support" --include_path="C:/ti/OMAP-L138_GEL_BSL_Files/bsl/inc" --include_path="C:/ti/OMAPL138_StarterWare_1_10_04_01/include" --include_path="C:/ti/OMAPL138_StarterWare_1_10_04_01/include/hw" --include_path="C:/ti/OMAPL138_StarterWare_1_10_04_01/include/c674x/omapl138" --define=omapl138 --display_error_number --diag_warning=225 --diag_wrap=off --preproc_with_compile --preproc_dependency="neuralNet.pp"  "../neuralNet.c"
"C:/ti/ccsv5/tools/compiler/c6000_7.4.4/include/stdint.h", line 42: warning #303-D: typedef name has already been declared (with same type)
"C:/ti/ccsv5/tools/compiler/c6000_7.4.4/include/stdint.h", line 43: warning #303-D: typedef name has already been declared (with same type)
"C:/ti/ccsv5/tools/compiler/c6000_7.4.4/include/stdint.h", line 44: warning #303-D: typedef name has already been declared (with same type)
"C:/ti/ccsv5/tools/compiler/c6000_7.4.4/include/stdint.h", line 45: warning #303-D: typedef name has already been declared (with same type)
"C:/ti/ccsv5/tools/compiler/c6000_7.4.4/include/stdint.h", line 46: warning #303-D: typedef name has already been declared (with same type)
"C:/ti/ccsv5/tools/compiler/c6000_7.4.4/include/stdint.h", line 47: warning #303-D: typedef name has already been declared (with same type)
'Finished building: ../neuralNet.c'
' '
'Building file: ../psc.c'
'Invoking: C6000 Compiler'
"C:/ti/ccsv5/tools/compiler/c6000_7.4.4/bin/cl6x" -mv6740 --abi=coffabi -g --include_path="C:/ti/ccsv5/tools/compiler/c6000_7.4.4/include" --include_path="C:/ti/dsplib_c674x_3_4_0_0/packages" --include_path="C:/ti/L138_support" --include_path="C:/ti/OMAP-L138_GEL_BSL_Files/bsl/inc" --include_path="C:/ti/OMAPL138_StarterWare_1_10_04_01/include" --include_path="C:/ti/OMAPL138_StarterWare_1_10_04_01/include/hw" --include_path="C:/ti/OMAPL138_StarterWare_1_10_04_01/include/c674x/omapl138" --define=omapl138 --display_error_number --diag_warning=225 --diag_wrap=off --preproc_with_compile --preproc_dependency="psc.pp"  "../psc.c"
'Finished building: ../psc.c'
' '
'Building file: ../vectors_intr.asm'
'Invoking: C6000 Compiler'
"C:/ti/ccsv5/tools/compiler/c6000_7.4.4/bin/cl6x" -mv6740 --abi=coffabi -g --include_path="C:/ti/ccsv5/tools/compiler/c6000_7.4.4/include" --include_path="C:/ti/dsplib_c674x_3_4_0_0/packages" --include_path="C:/ti/L138_support" --include_path="C:/ti/OMAP-L138_GEL_BSL_Files/bsl/inc" --include_path="C:/ti/OMAPL138_StarterWare_1_10_04_01/include" --include_path="C:/ti/OMAPL138_StarterWare_1_10_04_01/include/hw" --include_path="C:/ti/OMAPL138_StarterWare_1_10_04_01/include/c674x/omapl138" --define=omapl138 --display_error_number --diag_warning=225 --diag_wrap=off --preproc_with_compile --preproc_dependency="vectors_intr.pp"  "../vectors_intr.asm"
'Finished building: ../vectors_intr.asm'
' '
'Building target: Lab5.out'
'Invoking: C6000 Linker'
"C:/ti/ccsv5/tools/compiler/c6000_7.4.4/bin/cl6x" -mv6740 --abi=coffabi -g --define=omapl138 --display_error_number --diag_warning=225 --diag_wrap=off -z --stack_size=0x800 -m"Lab5.map" --heap_size=0x800 -i"C:/ti/ccsv5/tools/compiler/c6000_7.4.4/lib" -i"C:/ti/ccsv5/tools/compiler/c6000_7.4.4/include" --reread_libs --define=DSP_CORE=1 --warn_sections --display_error_number --diag_wrap=off --xml_link_info="Lab5_linkInfo.xml" --rom_model -o "Lab5.out"  "./vectors_intr.obj" "./psc.obj" "./neuralNet.obj" "./main.obj" "./gpio.obj" "./L138_LCDK_switch_led.obj" "./L138_LCDK_aic3106_init.obj" "../linker_dsp.cmd" -l"C:\ti\OMAP-L138_GEL_BSL_Files\bsl\lib\evmomapl138_bsl.lib" -l"C:\ti\dsplib_c674x_3_4_0_0\packages\ti\dsplib\lib\dsplib.lib" -l"C:\ti\OMAPL138_StarterWare_1_10_04_01\binary\c674x\cgt_ccs\omapl138\drivers\Debug\drivers.lib" -l"rts6740.lib" 
<Linking>
warning #10373-D: library "C:\ti\OMAPL138_StarterWare_1_10_04_01\binary\c674x\cgt_ccs\omapl138\drivers\Debug\drivers.lib" contains ELF object files which are incompatible with the TI-COFF output file.  Ensure you are using the proper library.
warning #10373-D: library "C:\ti\OMAPL138_StarterWare_1_10_04_01\binary\c674x\cgt_ccs\omapl138\drivers\Debug\drivers.lib" contains ELF object files which are incompatible with the TI-COFF output file.  Ensure you are using the proper library.
'Finished building target: Lab5.out'
' '

**** Build Finished ****

**** Build of configuration Debug for project Lab5 ****

"C:\\ti\\ccsv5\\utils\\bin\\gmake" -k all 
'Building file: ../main.c'
'Invoking: C6000 Compiler'
"C:/ti/ccsv5/tools/compiler/c6000_7.4.4/bin/cl6x" -mv6740 --abi=coffabi -g --include_path="C:/ti/ccsv5/tools/compiler/c6000_7.4.4/include" --include_path="C:/ti/dsplib_c674x_3_4_0_0/packages" --include_path="C:/ti/L138_support" --include_path="C:/ti/OMAP-L138_GEL_BSL_Files/bsl/inc" --include_path="C:/ti/OMAPL138_StarterWare_1_10_04_01/include" --include_path="C:/ti/OMAPL138_StarterWare_1_10_04_01/include/hw" --include_path="C:/ti/OMAPL138_StarterWare_1_10_04_01/include/c674x/omapl138" --define=omapl138 --display_error_number --diag_warning=225 --diag_wrap=off --preproc_with_compile --preproc_dependency="main.pp"  "../main.c"
"C:/ti/ccsv5/tools/compiler/c6000_7.4.4/include/stdint.h", line 42: warning #303-D: typedef name has already been declared (with same type)
"C:/ti/ccsv5/tools/compiler/c6000_7.4.4/include/stdint.h", line 43: warning #303-D: typedef name has already been declared (with same type)
"C:/ti/ccsv5/tools/compiler/c6000_7.4.4/include/stdint.h", line 44: warning #303-D: typedef name has already been declared (with same type)
"C:/ti/ccsv5/tools/compiler/c6000_7.4.4/include/stdint.h", line 45: warning #303-D: typedef name has already been declared (with same type)
"C:/ti/ccsv5/tools/compiler/c6000_7.4.4/include/stdint.h", line 46: warning #303-D: typedef name has already been declared (with same type)
"C:/ti/ccsv5/tools/compiler/c6000_7.4.4/include/stdint.h", line 47: warning #303-D: typedef name has already been declared (with same type)
"../main.c", line 337: warning #225-D: function declared implicitly
'Finished building: ../main.c'
' '
'Building target: Lab5.out'
'Invoking: C6000 Linker'
"C:/ti/ccsv5/tools/compiler/c6000_7.4.4/bin/cl6x" -mv6740 --abi=coffabi -g --define=omapl138 --display_error_number --diag_warning=225 --diag_wrap=off -z --stack_size=0x800 -m"Lab5.map" --heap_size=0x800 -i"C:/ti/ccsv5/tools/compiler/c6000_7.4.4/lib" -i"C:/ti/ccsv5/tools/compiler/c6000_7.4.4/include" --reread_libs --define=DSP_CORE=1 --warn_sections --display_error_number --diag_wrap=off --xml_link_info="Lab5_linkInfo.xml" --rom_model -o "Lab5.out"  "./vectors_intr.obj" "./psc.obj" "./neuralNet.obj" "./main.obj" "./gpio.obj" "./L138_LCDK_switch_led.obj" "./L138_LCDK_aic3106_init.obj" "../linker_dsp.cmd" -l"C:\ti\OMAP-L138_GEL_BSL_Files\bsl\lib\evmomapl138_bsl.lib" -l"C:\ti\dsplib_c674x_3_4_0_0\packages\ti\dsplib\lib\dsplib.lib" -l"C:\ti\OMAPL138_StarterWare_1_10_04_01\binary\c674x\cgt_ccs\omapl138\drivers\Debug\drivers.lib" -l"rts6740.lib" 
<Linking>
warning #10373-D: library "C:\ti\OMAPL138_StarterWare_1_10_04_01\binary\c674x\cgt_ccs\omapl138\drivers\Debug\drivers.lib" contains ELF object files which are incompatible with the TI-COFF output file.  Ensure you are using the proper library.
warning #10373-D: library "C:\ti\OMAPL138_StarterWare_1_10_04_01\binary\c674x\cgt_ccs\omapl138\drivers\Debug\drivers.lib" contains ELF object files which are incompatible with the TI-COFF output file.  Ensure you are using the proper library.
'Finished building target: Lab5.out'
' '

**** Build Finished ****

**** Build of configuration Debug for project Lab5 ****

"C:\\ti\\ccsv5\\utils\\bin\\gmake" -k all 
'Building file: ../main.c'
'Invoking: C6000 Compiler'
"C:/ti/ccsv5/tools/compiler/c6000_7.4.4/bin/cl6x" -mv6740 --abi=coffabi -g --include_path="C:/ti/ccsv5/tools/compiler/c6000_7.4.4/include" --include_path="C:/ti/dsplib_c674x_3_4_0_0/packages" --include_path="C:/ti/L138_support" --include_path="C:/ti/OMAP-L138_GEL_BSL_Files/bsl/inc" --include_path="C:/ti/OMAPL138_StarterWare_1_10_04_01/include" --include_path="C:/ti/OMAPL138_StarterWare_1_10_04_01/include/hw" --include_path="C:/ti/OMAPL138_StarterWare_1_10_04_01/include/c674x/omapl138" --define=omapl138 --display_error_number --diag_warning=225 --diag_wrap=off --preproc_with_compile --preproc_dependency="main.pp"  "../main.c"
"C:/ti/ccsv5/tools/compiler/c6000_7.4.4/include/stdint.h", line 42: warning #303-D: typedef name has already been declared (with same type)
"C:/ti/ccsv5/tools/compiler/c6000_7.4.4/include/stdint.h", line 43: warning #303-D: typedef name has already been declared (with same type)
"C:/ti/ccsv5/tools/compiler/c6000_7.4.4/include/stdint.h", line 44: warning #303-D: typedef name has already been declared (with same type)
"C:/ti/ccsv5/tools/compiler/c6000_7.4.4/include/stdint.h", line 45: warning #303-D: typedef name has already been declared (with same type)
"C:/ti/ccsv5/tools/compiler/c6000_7.4.4/include/stdint.h", line 46: warning #303-D: typedef name has already been declared (with same type)
"C:/ti/ccsv5/tools/compiler/c6000_7.4.4/include/stdint.h", line 47: warning #303-D: typedef name has already been declared (with same type)
"../main.c", line 336: warning #225-D: function declared implicitly
'Finished building: ../main.c'
' '
'Building target: Lab5.out'
'Invoking: C6000 Linker'
"C:/ti/ccsv5/tools/compiler/c6000_7.4.4/bin/cl6x" -mv6740 --abi=coffabi -g --define=omapl138 --display_error_number --diag_warning=225 --diag_wrap=off -z --stack_size=0x800 -m"Lab5.map" --heap_size=0x800 -i"C:/ti/ccsv5/tools/compiler/c6000_7.4.4/lib" -i"C:/ti/ccsv5/tools/compiler/c6000_7.4.4/include" --reread_libs --define=DSP_CORE=1 --warn_sections --display_error_number --diag_wrap=off --xml_link_info="Lab5_linkInfo.xml" --rom_model -o "Lab5.out"  "./vectors_intr.obj" "./psc.obj" "./neuralNet.obj" "./main.obj" "./gpio.obj" "./L138_LCDK_switch_led.obj" "./L138_LCDK_aic3106_init.obj" "../linker_dsp.cmd" -l"C:\ti\OMAP-L138_GEL_BSL_Files\bsl\lib\evmomapl138_bsl.lib" -l"C:\ti\dsplib_c674x_3_4_0_0\packages\ti\dsplib\lib\dsplib.lib" -l"C:\ti\OMAPL138_StarterWare_1_10_04_01\binary\c674x\cgt_ccs\omapl138\drivers\Debug\drivers.lib" -l"rts6740.lib" 
<Linking>
warning #10373-D: library "C:\ti\OMAPL138_StarterWare_1_10_04_01\binary\c674x\cgt_ccs\omapl138\drivers\Debug\drivers.lib" contains ELF object files which are incompatible with the TI-COFF output file.  Ensure you are using the proper library.
warning #10373-D: library "C:\ti\OMAPL138_StarterWare_1_10_04_01\binary\c674x\cgt_ccs\omapl138\drivers\Debug\drivers.lib" contains ELF object files which are incompatible with the TI-COFF output file.  Ensure you are using the proper library.
'Finished building target: Lab5.out'
' '

**** Build Finished ****

**** Build of configuration Debug for project Lab5 ****

"C:\\ti\\ccsv5\\utils\\bin\\gmake" -k all 
gmake: Nothing to be done for `all'.

**** Build Finished ****

**** Build of configuration Debug for project Lab3s2 ****

"C:\\ti\\ccsv5\\utils\\bin\\gmake" -k all 
gmake: Nothing to be done for `all'.

**** Build Finished ****

**** Build of configuration Debug for project Lab4 ****

"C:\\ti\\ccsv5\\utils\\bin\\gmake" -k all 
gmake: Nothing to be done for `all'.

**** Build Finished ****

**** Build of configuration Debug for project Lab5 ****

"C:\\ti\\ccsv5\\utils\\bin\\gmake" -k all 
'Building file: ../main.c'
'Invoking: C6000 Compiler'
"C:/ti/ccsv5/tools/compiler/c6000_7.4.4/bin/cl6x" -mv6740 --abi=coffabi -g --include_path="C:/ti/ccsv5/tools/compiler/c6000_7.4.4/include" --include_path="C:/ti/dsplib_c674x_3_4_0_0/packages" --include_path="C:/ti/L138_support" --include_path="C:/ti/OMAP-L138_GEL_BSL_Files/bsl/inc" --include_path="C:/ti/OMAPL138_StarterWare_1_10_04_01/include" --include_path="C:/ti/OMAPL138_StarterWare_1_10_04_01/include/hw" --include_path="C:/ti/OMAPL138_StarterWare_1_10_04_01/include/c674x/omapl138" --define=omapl138 --display_error_number --diag_warning=225 --diag_wrap=off --preproc_with_compile --preproc_dependency="main.pp"  "../main.c"
"C:/ti/ccsv5/tools/compiler/c6000_7.4.4/include/stdint.h", line 42: warning #303-D: typedef name has already been declared (with same type)
"C:/ti/ccsv5/tools/compiler/c6000_7.4.4/include/stdint.h", line 43: warning #303-D: typedef name has already been declared (with same type)
"C:/ti/ccsv5/tools/compiler/c6000_7.4.4/include/stdint.h", line 44: warning #303-D: typedef name has already been declared (with same type)
"C:/ti/ccsv5/tools/compiler/c6000_7.4.4/include/stdint.h", line 45: warning #303-D: typedef name has already been declared (with same type)
"C:/ti/ccsv5/tools/compiler/c6000_7.4.4/include/stdint.h", line 46: warning #303-D: typedef name has already been declared (with same type)
"C:/ti/ccsv5/tools/compiler/c6000_7.4.4/include/stdint.h", line 47: warning #303-D: typedef name has already been declared (with same type)
'Finished building: ../main.c'
' '
'Building target: Lab5.out'
'Invoking: C6000 Linker'
"C:/ti/ccsv5/tools/compiler/c6000_7.4.4/bin/cl6x" -mv6740 --abi=coffabi -g --define=omapl138 --display_error_number --diag_warning=225 --diag_wrap=off -z --stack_size=0x800 -m"Lab5.map" --heap_size=0x800 -i"C:/ti/ccsv5/tools/compiler/c6000_7.4.4/lib" -i"C:/ti/ccsv5/tools/compiler/c6000_7.4.4/include" --reread_libs --define=DSP_CORE=1 --warn_sections --display_error_number --diag_wrap=off --xml_link_info="Lab5_linkInfo.xml" --rom_model -o "Lab5.out"  "./vectors_intr.obj" "./psc.obj" "./neuralNet.obj" "./main.obj" "./gpio.obj" "./L138_LCDK_switch_led.obj" "./L138_LCDK_aic3106_init.obj" "../linker_dsp.cmd" -l"C:\ti\OMAP-L138_GEL_BSL_Files\bsl\lib\evmomapl138_bsl.lib" -l"C:\ti\dsplib_c674x_3_4_0_0\packages\ti\dsplib\lib\dsplib.lib" -l"C:\ti\OMAPL138_StarterWare_1_10_04_01\binary\c674x\cgt_ccs\omapl138\drivers\Debug\drivers.lib" -l"rts6740.lib" 
<Linking>
warning #10373-D: library "C:\ti\OMAPL138_StarterWare_1_10_04_01\binary\c674x\cgt_ccs\omapl138\drivers\Debug\drivers.lib" contains ELF object files which are incompatible with the TI-COFF output file.  Ensure you are using the proper library.
warning #10373-D: library "C:\ti\OMAPL138_StarterWare_1_10_04_01\binary\c674x\cgt_ccs\omapl138\drivers\Debug\drivers.lib" contains ELF object files which are incompatible with the TI-COFF output file.  Ensure you are using the proper library.
'Finished building target: Lab5.out'
' '

**** Build Finished ****

**** Build of configuration Debug for project SamplingExperiments ****

"C:\\ti\\ccsv5\\utils\\bin\\gmake" -k all 
gmake: Nothing to be done for `all'.

**** Build Finished ****

**** Build of configuration Debug for project Lab5 ****

"C:\\ti\\ccsv5\\utils\\bin\\gmake" -k all 
gmake: Nothing to be done for `all'.

**** Build Finished ****

**** Build of configuration Debug for project Lab5 ****

"C:\\ti\\ccsv5\\utils\\bin\\gmake" -k all 
gmake: Nothing to be done for `all'.

**** Build Finished ****

**** Build of configuration Debug for project Lab3s2 ****

"C:\\ti\\ccsv5\\utils\\bin\\gmake" -k all 
gmake: Nothing to be done for `all'.

**** Build Finished ****

**** Build of configuration Debug for project Lab4 ****

"C:\\ti\\ccsv5\\utils\\bin\\gmake" -k all 
gmake: Nothing to be done for `all'.

**** Build Finished ****

**** Build of configuration Debug for project Lab5 ****

"C:\\ti\\ccsv5\\utils\\bin\\gmake" -k all 
'Building file: ../main.c'
'Invoking: C6000 Compiler'
"C:/ti/ccsv5/tools/compiler/c6000_7.4.4/bin/cl6x" -mv6740 --abi=coffabi -g --include_path="C:/ti/ccsv5/tools/compiler/c6000_7.4.4/include" --include_path="C:/ti/dsplib_c674x_3_4_0_0/packages" --include_path="C:/ti/L138_support" --include_path="C:/ti/OMAP-L138_GEL_BSL_Files/bsl/inc" --include_path="C:/ti/OMAPL138_StarterWare_1_10_04_01/include" --include_path="C:/ti/OMAPL138_StarterWare_1_10_04_01/include/hw" --include_path="C:/ti/OMAPL138_StarterWare_1_10_04_01/include/c674x/omapl138" --define=omapl138 --display_error_number --diag_warning=225 --diag_wrap=off --preproc_with_compile --preproc_dependency="main.pp"  "../main.c"
"C:/ti/ccsv5/tools/compiler/c6000_7.4.4/include/stdint.h", line 42: warning #303-D: typedef name has already been declared (with same type)
"C:/ti/ccsv5/tools/compiler/c6000_7.4.4/include/stdint.h", line 43: warning #303-D: typedef name has already been declared (with same type)
"C:/ti/ccsv5/tools/compiler/c6000_7.4.4/include/stdint.h", line 44: warning #303-D: typedef name has already been declared (with same type)
"C:/ti/ccsv5/tools/compiler/c6000_7.4.4/include/stdint.h", line 45: warning #303-D: typedef name has already been declared (with same type)
"C:/ti/ccsv5/tools/compiler/c6000_7.4.4/include/stdint.h", line 46: warning #303-D: typedef name has already been declared (with same type)
"C:/ti/ccsv5/tools/compiler/c6000_7.4.4/include/stdint.h", line 47: warning #303-D: typedef name has already been declared (with same type)
'Finished building: ../main.c'
' '
'Building file: ../neuralNet.c'
'Invoking: C6000 Compiler'
"C:/ti/ccsv5/tools/compiler/c6000_7.4.4/bin/cl6x" -mv6740 --abi=coffabi -g --include_path="C:/ti/ccsv5/tools/compiler/c6000_7.4.4/include" --include_path="C:/ti/dsplib_c674x_3_4_0_0/packages" --include_path="C:/ti/L138_support" --include_path="C:/ti/OMAP-L138_GEL_BSL_Files/bsl/inc" --include_path="C:/ti/OMAPL138_StarterWare_1_10_04_01/include" --include_path="C:/ti/OMAPL138_StarterWare_1_10_04_01/include/hw" --include_path="C:/ti/OMAPL138_StarterWare_1_10_04_01/include/c674x/omapl138" --define=omapl138 --display_error_number --diag_warning=225 --diag_wrap=off --preproc_with_compile --preproc_dependency="neuralNet.pp"  "../neuralNet.c"
"C:/ti/ccsv5/tools/compiler/c6000_7.4.4/include/stdint.h", line 42: warning #303-D: typedef name has already been declared (with same type)
"C:/ti/ccsv5/tools/compiler/c6000_7.4.4/include/stdint.h", line 43: warning #303-D: typedef name has already been declared (with same type)
"C:/ti/ccsv5/tools/compiler/c6000_7.4.4/include/stdint.h", line 44: warning #303-D: typedef name has already been declared (with same type)
"C:/ti/ccsv5/tools/compiler/c6000_7.4.4/include/stdint.h", line 45: warning #303-D: typedef name has already been declared (with same type)

"C:/ti/ccsv5/tools/compiler/c6000_7.4.4/include/stdint.h", line 46: warning #303-D: typedef name has already been declared (with same type)
>> Compilation failure
"C:/ti/ccsv5/tools/compiler/c6000_7.4.4/include/stdint.h", line 47: warning #303-D: typedef name has already been declared (with same type)
"../neuralNet.c", line 58: error #20: identifier "mfcc_proc" is undefined
"../neuralNet.c", line 71: error #20: identifier "mfcc_proc" is undefined
2 errors detected in the compilation of "../neuralNet.c".
gmake: *** [neuralNet.obj] Error 1
gmake: Target `all' not remade because of errors.

**** Build Finished ****

**** Build of configuration Debug for project SamplingExperiments ****

"C:\\ti\\ccsv5\\utils\\bin\\gmake" -k all 
gmake: Nothing to be done for `all'.

**** Build Finished ****

**** Build of configuration Debug for project Lab3s2 ****

"C:\\ti\\ccsv5\\utils\\bin\\gmake" -k all 
gmake: Nothing to be done for `all'.

**** Build Finished ****

**** Build of configuration Debug for project Lab4 ****

"C:\\ti\\ccsv5\\utils\\bin\\gmake" -k all 
gmake: Nothing to be done for `all'.

**** Build Finished ****

**** Build of configuration Debug for project Lab5 ****

"C:\\ti\\ccsv5\\utils\\bin\\gmake" -k all 
'Building file: ../neuralNet.c'
'Invoking: C6000 Compiler'
"C:/ti/ccsv5/tools/compiler/c6000_7.4.4/bin/cl6x" -mv6740 --abi=coffabi -g --include_path="C:/ti/ccsv5/tools/compiler/c6000_7.4.4/include" --include_path="C:/ti/dsplib_c674x_3_4_0_0/packages" --include_path="C:/ti/L138_support" --include_path="C:/ti/OMAP-L138_GEL_BSL_Files/bsl/inc" --include_path="C:/ti/OMAPL138_StarterWare_1_10_04_01/include" --include_path="C:/ti/OMAPL138_StarterWare_1_10_04_01/include/hw" --include_path="C:/ti/OMAPL138_StarterWare_1_10_04_01/include/c674x/omapl138" --define=omapl138 --display_error_number --diag_warning=225 --diag_wrap=off --preproc_with_compile --preproc_dependency="neuralNet.pp"  "../neuralNet.c"
"C:/ti/ccsv5/tools/compiler/c6000_7.4.4/include/stdint.h", line 42: warning #303-D: typedef name has already been declared (with same type)
"C:/ti/ccsv5/tools/compiler/c6000_7.4.4/include/stdint.h", line 43: warning #303-D: typedef name has already been declared (with same type)
"C:/ti/ccsv5/tools/compiler/c6000_7.4.4/include/stdint.h", line 44: warning #303-D: typedef name has already been declared (with same type)
"C:/ti/ccsv5/tools/compiler/c6000_7.4.4/include/stdint.h", line 45: warning #303-D: typedef name has already been declared (with same type)
"C:/ti/ccsv5/tools/compiler/c6000_7.4.4/include/stdint.h", line 46: warning #303-D: typedef name has already been declared (with same type)
"C:/ti/ccsv5/tools/compiler/c6000_7.4.4/include/stdint.h", line 47: warning #303-D: typedef name has already been declared (with same type)
"../neuralNet.c", line 14: error #66: expected a ";"
"../neuralNet.c", line 60: error #20: identifier "x1_step1_xoffset" is undefined
2 errors detected in the compilation of "../neuralNet.c".

>> Compilation failure
gmake: *** [neuralNet.obj] Error 1
gmake: Target `all' not remade because of errors.

**** Build Finished ****

**** Build of configuration Debug for project SamplingExperiments ****

"C:\\ti\\ccsv5\\utils\\bin\\gmake" -k all 
gmake: Nothing to be done for `all'.

**** Build Finished ****

**** Build of configuration Debug for project Lab3s2 ****

"C:\\ti\\ccsv5\\utils\\bin\\gmake" -k all 
gmake: Nothing to be done for `all'.

**** Build Finished ****

**** Build of configuration Debug for project Lab4 ****

"C:\\ti\\ccsv5\\utils\\bin\\gmake" -k all 
gmake: Nothing to be done for `all'.

**** Build Finished ****

**** Build of configuration Debug for project Lab5 ****

"C:\\ti\\ccsv5\\utils\\bin\\gmake" -k all 
'Building file: ../neuralNet.c'
'Invoking: C6000 Compiler'
"C:/ti/ccsv5/tools/compiler/c6000_7.4.4/bin/cl6x" -mv6740 --abi=coffabi -g --include_path="C:/ti/ccsv5/tools/compiler/c6000_7.4.4/include" --include_path="C:/ti/dsplib_c674x_3_4_0_0/packages" --include_path="C:/ti/L138_support" --include_path="C:/ti/OMAP-L138_GEL_BSL_Files/bsl/inc" --include_path="C:/ti/OMAPL138_StarterWare_1_10_04_01/include" --include_path="C:/ti/OMAPL138_StarterWare_1_10_04_01/include/hw" --include_path="C:/ti/OMAPL138_StarterWare_1_10_04_01/include/c674x/omapl138" --define=omapl138 --display_error_number --diag_warning=225 --diag_wrap=off --preproc_with_compile --preproc_dependency="neuralNet.pp"  "../neuralNet.c"
"C:/ti/ccsv5/tools/compiler/c6000_7.4.4/include/stdint.h", line 42: warning #303-D: typedef name has already been declared (with same type)
"C:/ti/ccsv5/tools/compiler/c6000_7.4.4/include/stdint.h", line 43: warning #303-D: typedef name has already been declared (with same type)
"C:/ti/ccsv5/tools/compiler/c6000_7.4.4/include/stdint.h", line 44: warning #303-D: typedef name has already been declared (with same type)
"C:/ti/ccsv5/tools/compiler/c6000_7.4.4/include/stdint.h", line 45: warning #303-D: typedef name has already been declared (with same type)
"C:/ti/ccsv5/tools/compiler/c6000_7.4.4/include/stdint.h", line 46: warning #303-D: typedef name has already been declared (with same type)
"C:/ti/ccsv5/tools/compiler/c6000_7.4.4/include/stdint.h", line 47: warning #303-D: typedef name has already been declared (with same type)
'Finished building: ../neuralNet.c'
' '
'Building target: Lab5.out'
'Invoking: C6000 Linker'
"C:/ti/ccsv5/tools/compiler/c6000_7.4.4/bin/cl6x" -mv6740 --abi=coffabi -g --define=omapl138 --display_error_number --diag_warning=225 --diag_wrap=off -z --stack_size=0x800 -m"Lab5.map" --heap_size=0x800 -i"C:/ti/ccsv5/tools/compiler/c6000_7.4.4/lib" -i"C:/ti/ccsv5/tools/compiler/c6000_7.4.4/include" --reread_libs --define=DSP_CORE=1 --warn_sections --display_error_number --diag_wrap=off --xml_link_info="Lab5_linkInfo.xml" --rom_model -o "Lab5.out"  "./vectors_intr.obj" "./psc.obj" "./neuralNet.obj" "./main.obj" "./gpio.obj" "./L138_LCDK_switch_led.obj" "./L138_LCDK_aic3106_init.obj" "../linker_dsp.cmd" -l"C:\ti\OMAP-L138_GEL_BSL_Files\bsl\lib\evmomapl138_bsl.lib" -l"C:\ti\dsplib_c674x_3_4_0_0\packages\ti\dsplib\lib\dsplib.lib" -l"C:\ti\OMAPL138_StarterWare_1_10_04_01\binary\c674x\cgt_ccs\omapl138\drivers\Debug\drivers.lib" -l"rts6740.lib" 
<Linking>
warning #10373-D: library "C:\ti\OMAPL138_StarterWare_1_10_04_01\binary\c674x\cgt_ccs\omapl138\drivers\Debug\drivers.lib" contains ELF object files which are incompatible with the TI-COFF output file.  Ensure you are using the proper library.
warning #10373-D: library "C:\ti\OMAPL138_StarterWare_1_10_04_01\binary\c674x\cgt_ccs\omapl138\drivers\Debug\drivers.lib" contains ELF object files which are incompatible with the TI-COFF output file.  Ensure you are using the proper library.
'Finished building target: Lab5.out'
' '

**** Build Finished ****

**** Build of configuration Debug for project SamplingExperiments ****

"C:\\ti\\ccsv5\\utils\\bin\\gmake" -k all 
gmake: Nothing to be done for `all'.

**** Build Finished ****

**** Build of configuration Debug for project Lab5 ****

"C:\\ti\\ccsv5\\utils\\bin\\gmake" -k all 
gmake: Nothing to be done for `all'.

**** Build Finished ****

**** Build of configuration Debug for project Lab5 ****

"C:\\ti\\ccsv5\\utils\\bin\\gmake" -k all 
'Building file: ../main.c'
'Invoking: C6000 Compiler'
"C:/ti/ccsv5/tools/compiler/c6000_7.4.4/bin/cl6x" -mv6740 --abi=coffabi -g --include_path="C:/ti/ccsv5/tools/compiler/c6000_7.4.4/include" --include_path="C:/ti/dsplib_c674x_3_4_0_0/packages" --include_path="C:/ti/L138_support" --include_path="C:/ti/OMAP-L138_GEL_BSL_Files/bsl/inc" --include_path="C:/ti/OMAPL138_StarterWare_1_10_04_01/include" --include_path="C:/ti/OMAPL138_StarterWare_1_10_04_01/include/hw" --include_path="C:/ti/OMAPL138_StarterWare_1_10_04_01/include/c674x/omapl138" --define=omapl138 --display_error_number --diag_warning=225 --diag_wrap=off --preproc_with_compile --preproc_dependency="main.pp"  "../main.c"
"C:/ti/ccsv5/tools/compiler/c6000_7.4.4/include/stdint.h", line 42: warning #303-D: typedef name has already been declared (with same type)

"C:/ti/ccsv5/tools/compiler/c6000_7.4.4/include/stdint.h", line 43: warning #303-D: typedef name has already been declared (with same type)
"C:/ti/ccsv5/tools/compiler/c6000_7.4.4/include/stdint.h", line 44: warning #303-D: typedef name has already been declared (with same type)
"C:/ti/ccsv5/tools/compiler/c6000_7.4.4/include/stdint.h", line 45: warning #303-D: typedef name has already been declared (with same type)
"C:/ti/ccsv5/tools/compiler/c6000_7.4.4/include/stdint.h", line 46: warning #303-D: typedef name has already been declared (with same type)
"C:/ti/ccsv5/tools/compiler/c6000_7.4.4/include/stdint.h", line 47: warning #303-D: typedef name has already been declared (with same type)
"../main.c", line 341: error #148: declaration is incompatible with "double nNet()" (declared at line 278)
1 error detected in the compilation of "../main.c".
>> Compilation failure
gmake: *** [main.obj] Error 1
'Building file: ../neuralNet.c'
'Invoking: C6000 Compiler'
"C:/ti/ccsv5/tools/compiler/c6000_7.4.4/bin/cl6x" -mv6740 --abi=coffabi -g --include_path="C:/ti/ccsv5/tools/compiler/c6000_7.4.4/include" --include_path="C:/ti/dsplib_c674x_3_4_0_0/packages" --include_path="C:/ti/L138_support" --include_path="C:/ti/OMAP-L138_GEL_BSL_Files/bsl/inc" --include_path="C:/ti/OMAPL138_StarterWare_1_10_04_01/include" --include_path="C:/ti/OMAPL138_StarterWare_1_10_04_01/include/hw" --include_path="C:/ti/OMAPL138_StarterWare_1_10_04_01/include/c674x/omapl138" --define=omapl138 --display_error_number --diag_warning=225 --diag_wrap=off --preproc_with_compile --preproc_dependency="neuralNet.pp"  "../neuralNet.c"
"../neuralNet.c", line 93: warning #97-D: a translation unit must contain at least one declaration
'Finished building: ../neuralNet.c'
' '
gmake: Target `all' not remade because of errors.

**** Build Finished ****

**** Build of configuration Debug for project Lab3s2 ****

"C:\\ti\\ccsv5\\utils\\bin\\gmake" -k all 
gmake: Nothing to be done for `all'.

**** Build Finished ****

**** Build of configuration Debug for project Lab4 ****

"C:\\ti\\ccsv5\\utils\\bin\\gmake" -k all 
gmake: Nothing to be done for `all'.

**** Build Finished ****

**** Build of configuration Debug for project Lab5 ****

"C:\\ti\\ccsv5\\utils\\bin\\gmake" -k all 
'Building file: ../main.c'
'Invoking: C6000 Compiler'
"C:/ti/ccsv5/tools/compiler/c6000_7.4.4/bin/cl6x" -mv6740 --abi=coffabi -g --include_path="C:/ti/ccsv5/tools/compiler/c6000_7.4.4/include" --include_path="C:/ti/dsplib_c674x_3_4_0_0/packages" --include_path="C:/ti/L138_support" --include_path="C:/ti/OMAP-L138_GEL_BSL_Files/bsl/inc" --include_path="C:/ti/OMAPL138_StarterWare_1_10_04_01/include" --include_path="C:/ti/OMAPL138_StarterWare_1_10_04_01/include/hw" --include_path="C:/ti/OMAPL138_StarterWare_1_10_04_01/include/c674x/omapl138" --define=omapl138 --display_error_number --diag_warning=225 --diag_wrap=off --preproc_with_compile --preproc_dependency="main.pp"  "../main.c"
"C:/ti/ccsv5/tools/compiler/c6000_7.4.4/include/stdint.h", line 42: warning #303-D: typedef name has already been declared (with same type)
"C:/ti/ccsv5/tools/compiler/c6000_7.4.4/include/stdint.h", line 43: warning #303-D: typedef name has already been declared (with same type)
"C:/ti/ccsv5/tools/compiler/c6000_7.4.4/include/stdint.h", line 44: warning #303-D: typedef name has already been declared (with same type)
"C:/ti/ccsv5/tools/compiler/c6000_7.4.4/include/stdint.h", line 45: warning #303-D: typedef name has already been declared (with same type)
"C:/ti/ccsv5/tools/compiler/c6000_7.4.4/include/stdint.h", line 46: warning #303-D: typedef name has already been declared (with same type)
"C:/ti/ccsv5/tools/compiler/c6000_7.4.4/include/stdint.h", line 47: warning #303-D: typedef name has already been declared (with same type)
'Finished building: ../main.c'
' '
'Building target: Lab5.out'
'Invoking: C6000 Linker'
"C:/ti/ccsv5/tools/compiler/c6000_7.4.4/bin/cl6x" -mv6740 --abi=coffabi -g --define=omapl138 --display_error_number --diag_warning=225 --diag_wrap=off -z --stack_size=0x800 -m"Lab5.map" --heap_size=0x800 -i"C:/ti/ccsv5/tools/compiler/c6000_7.4.4/lib" -i"C:/ti/ccsv5/tools/compiler/c6000_7.4.4/include" --reread_libs --define=DSP_CORE=1 --warn_sections --display_error_number --diag_wrap=off --xml_link_info="Lab5_linkInfo.xml" --rom_model -o "Lab5.out"  "./vectors_intr.obj" "./psc.obj" "./neuralNet.obj" "./main.obj" "./gpio.obj" "./L138_LCDK_switch_led.obj" "./L138_LCDK_aic3106_init.obj" "../linker_dsp.cmd" -l"C:\ti\OMAP-L138_GEL_BSL_Files\bsl\lib\evmomapl138_bsl.lib" -l"C:\ti\dsplib_c674x_3_4_0_0\packages\ti\dsplib\lib\dsplib.lib" -l"C:\ti\OMAPL138_StarterWare_1_10_04_01\binary\c674x\cgt_ccs\omapl138\drivers\Debug\drivers.lib" -l"rts6740.lib" 
<Linking>
warning #10373-D: library "C:\ti\OMAPL138_StarterWare_1_10_04_01\binary\c674x\cgt_ccs\omapl138\drivers\Debug\drivers.lib" contains ELF object files which are incompatible with the TI-COFF output file.  Ensure you are using the proper library.
warning #10373-D: library "C:\ti\OMAPL138_StarterWare_1_10_04_01\binary\c674x\cgt_ccs\omapl138\drivers\Debug\drivers.lib" contains ELF object files which are incompatible with the TI-COFF output file.  Ensure you are using the proper library.
'Finished building target: Lab5.out'
' '

**** Build Finished ****

**** Build of configuration Debug for project SamplingExperiments ****

"C:\\ti\\ccsv5\\utils\\bin\\gmake" -k all 
gmake: Nothing to be done for `all'.

**** Build Finished ****

**** Build of configuration Debug for project Lab5 ****

"C:\\ti\\ccsv5\\utils\\bin\\gmake" -k all 
gmake: Nothing to be done for `all'.

**** Build Finished ****

**** Build of configuration Debug for project Lab3s2 ****

"C:\\ti\\ccsv5\\utils\\bin\\gmake" -k all 
gmake: Nothing to be done for `all'.

**** Build Finished ****

**** Build of configuration Debug for project Lab4 ****

"C:\\ti\\ccsv5\\utils\\bin\\gmake" -k all 
gmake: Nothing to be done for `all'.

**** Build Finished ****

**** Build of configuration Debug for project Lab5 ****

"C:\\ti\\ccsv5\\utils\\bin\\gmake" -k all 
'Building file: ../main.c'
'Invoking: C6000 Compiler'
"C:/ti/ccsv5/tools/compiler/c6000_7.4.4/bin/cl6x" -mv6740 --abi=coffabi -g --include_path="C:/ti/ccsv5/tools/compiler/c6000_7.4.4/include" --include_path="C:/ti/dsplib_c674x_3_4_0_0/packages" --include_path="C:/ti/L138_support" --include_path="C:/ti/OMAP-L138_GEL_BSL_Files/bsl/inc" --include_path="C:/ti/OMAPL138_StarterWare_1_10_04_01/include" --include_path="C:/ti/OMAPL138_StarterWare_1_10_04_01/include/hw" --include_path="C:/ti/OMAPL138_StarterWare_1_10_04_01/include/c674x/omapl138" --define=omapl138 --display_error_number --diag_warning=225 --diag_wrap=off --preproc_with_compile --preproc_dependency="main.pp"  "../main.c"
"C:/ti/ccsv5/tools/compiler/c6000_7.4.4/include/stdint.h", line 42: warning #303-D: typedef name has already been declared (with same type)
"C:/ti/ccsv5/tools/compiler/c6000_7.4.4/include/stdint.h", line 43: warning #303-D: typedef name has already been declared (with same type)
"C:/ti/ccsv5/tools/compiler/c6000_7.4.4/include/stdint.h", line 44: warning #303-D: typedef name has already been declared (with same type)
"C:/ti/ccsv5/tools/compiler/c6000_7.4.4/include/stdint.h", line 45: warning #303-D: typedef name has already been declared (with same type)
"C:/ti/ccsv5/tools/compiler/c6000_7.4.4/include/stdint.h", line 46: warning #303-D: typedef name has already been declared (with same type)
"C:/ti/ccsv5/tools/compiler/c6000_7.4.4/include/stdint.h", line 47: warning #303-D: typedef name has already been declared (with same type)
'Finished building: ../main.c'
' '
'Building file: ../neuralNet.c'
'Invoking: C6000 Compiler'
"C:/ti/ccsv5/tools/compiler/c6000_7.4.4/bin/cl6x" -mv6740 --abi=coffabi -g --include_path="C:/ti/ccsv5/tools/compiler/c6000_7.4.4/include" --include_path="C:/ti/dsplib_c674x_3_4_0_0/packages" --include_path="C:/ti/L138_support" --include_path="C:/ti/OMAP-L138_GEL_BSL_Files/bsl/inc" --include_path="C:/ti/OMAPL138_StarterWare_1_10_04_01/include" --include_path="C:/ti/OMAPL138_StarterWare_1_10_04_01/include/hw" --include_path="C:/ti/OMAPL138_StarterWare_1_10_04_01/include/c674x/omapl138" --define=omapl138 --display_error_number --diag_warning=225 --diag_wrap=off --preproc_with_compile --preproc_dependency="neuralNet.pp"  "../neuralNet.c"
"C:/ti/ccsv5/tools/compiler/c6000_7.4.4/include/stdint.h", line 42: warning #303-D: typedef name has already been declared (with same type)
"C:/ti/ccsv5/tools/compiler/c6000_7.4.4/include/stdint.h", line 43: warning #303-D: typedef name has already been declared (with same type)
"C:/ti/ccsv5/tools/compiler/c6000_7.4.4/include/stdint.h", line 44: warning #303-D: typedef name has already been declared (with same type)
"C:/ti/ccsv5/tools/compiler/c6000_7.4.4/include/stdint.h", line 45: warning #303-D: typedef name has already been declared (with same type)
"C:/ti/ccsv5/tools/compiler/c6000_7.4.4/include/stdint.h", line 46: warning #303-D: typedef name has already been declared (with same type)
"C:/ti/ccsv5/tools/compiler/c6000_7.4.4/include/stdint.h", line 47: warning #303-D: typedef name has already been declared (with same type)
'Finished building: ../neuralNet.c'
' '
'Building target: Lab5.out'
'Invoking: C6000 Linker'
"C:/ti/ccsv5/tools/compiler/c6000_7.4.4/bin/cl6x" -mv6740 --abi=coffabi -g --define=omapl138 --display_error_number --diag_warning=225 --diag_wrap=off -z --stack_size=0x800 -m"Lab5.map" --heap_size=0x800 -i"C:/ti/ccsv5/tools/compiler/c6000_7.4.4/lib" -i"C:/ti/ccsv5/tools/compiler/c6000_7.4.4/include" --reread_libs --define=DSP_CORE=1 --warn_sections --display_error_number --diag_wrap=off --xml_link_info="Lab5_linkInfo.xml" --rom_model -o "Lab5.out"  "./vectors_intr.obj" "./psc.obj" "./neuralNet.obj" "./main.obj" "./gpio.obj" "./L138_LCDK_switch_led.obj" "./L138_LCDK_aic3106_init.obj" "../linker_dsp.cmd" -l"C:\ti\OMAP-L138_GEL_BSL_Files\bsl\lib\evmomapl138_bsl.lib" -l"C:\ti\dsplib_c674x_3_4_0_0\packages\ti\dsplib\lib\dsplib.lib" -l"C:\ti\OMAPL138_StarterWare_1_10_04_01\binary\c674x\cgt_ccs\omapl138\drivers\Debug\drivers.lib" -l"rts6740.lib" 
<Linking>
warning #10373-D: library "C:\ti\OMAPL138_StarterWare_1_10_04_01\binary\c674x\cgt_ccs\omapl138\drivers\Debug\drivers.lib" contains ELF object files which are incompatible with the TI-COFF output file.  Ensure you are using the proper library.
warning #10373-D: library "C:\ti\OMAPL138_StarterWare_1_10_04_01\binary\c674x\cgt_ccs\omapl138\drivers\Debug\drivers.lib" contains ELF object files which are incompatible with the TI-COFF output file.  Ensure you are using the proper library.
'Finished building target: Lab5.out'
' '

**** Build Finished ****

**** Build of configuration Debug for project SamplingExperiments ****

"C:\\ti\\ccsv5\\utils\\bin\\gmake" -k all 
gmake: Nothing to be done for `all'.

**** Build Finished ****

**** Build of configuration Debug for project Lab5 ****

"C:\\ti\\ccsv5\\utils\\bin\\gmake" -k all 
gmake: Nothing to be done for `all'.

**** Build Finished ****

**** Build of configuration Debug for project Lab3s2 ****

"C:\\ti\\ccsv5\\utils\\bin\\gmake" -k all 
gmake: Nothing to be done for `all'.

**** Build Finished ****

**** Build of configuration Debug for project Lab4 ****

"C:\\ti\\ccsv5\\utils\\bin\\gmake" -k all 
gmake: Nothing to be done for `all'.

**** Build Finished ****

**** Build of configuration Debug for project Lab5 ****

"C:\\ti\\ccsv5\\utils\\bin\\gmake" -k all 
'Building file: ../main.c'
'Invoking: C6000 Compiler'
"C:/ti/ccsv5/tools/compiler/c6000_7.4.4/bin/cl6x" -mv6740 --abi=coffabi -g --include_path="C:/ti/ccsv5/tools/compiler/c6000_7.4.4/include" --include_path="C:/ti/dsplib_c674x_3_4_0_0/packages" --include_path="C:/ti/L138_support" --include_path="C:/ti/OMAP-L138_GEL_BSL_Files/bsl/inc" --include_path="C:/ti/OMAPL138_StarterWare_1_10_04_01/include" --include_path="C:/ti/OMAPL138_StarterWare_1_10_04_01/include/hw" --include_path="C:/ti/OMAPL138_StarterWare_1_10_04_01/include/c674x/omapl138" --define=omapl138 --display_error_number --diag_warning=225 --diag_wrap=off --preproc_with_compile --preproc_dependency="main.pp"  "../main.c"
"C:/ti/ccsv5/tools/compiler/c6000_7.4.4/include/stdint.h", line 42: warning #303-D: typedef name has already been declared (with same type)
"C:/ti/ccsv5/tools/compiler/c6000_7.4.4/include/stdint.h", line 43: warning #303-D: typedef name has already been declared (with same type)
"C:/ti/ccsv5/tools/compiler/c6000_7.4.4/include/stdint.h", line 44: warning #303-D: typedef name has already been declared (with same type)
"C:/ti/ccsv5/tools/compiler/c6000_7.4.4/include/stdint.h", line 45: warning #303-D: typedef name has already been declared (with same type)
"C:/ti/ccsv5/tools/compiler/c6000_7.4.4/include/stdint.h", line 46: warning #303-D: typedef name has already been declared (with same type)
"C:/ti/ccsv5/tools/compiler/c6000_7.4.4/include/stdint.h", line 47: warning #303-D: typedef name has already been declared (with same type)
'Finished building: ../main.c'
' '
'Building target: Lab5.out'
'Invoking: C6000 Linker'
"C:/ti/ccsv5/tools/compiler/c6000_7.4.4/bin/cl6x" -mv6740 --abi=coffabi -g --define=omapl138 --display_error_number --diag_warning=225 --diag_wrap=off -z --stack_size=0x800 -m"Lab5.map" --heap_size=0x800 -i"C:/ti/ccsv5/tools/compiler/c6000_7.4.4/lib" -i"C:/ti/ccsv5/tools/compiler/c6000_7.4.4/include" --reread_libs --define=DSP_CORE=1 --warn_sections --display_error_number --diag_wrap=off --xml_link_info="Lab5_linkInfo.xml" --rom_model -o "Lab5.out"  "./vectors_intr.obj" "./psc.obj" "./neuralNet.obj" "./main.obj" "./gpio.obj" "./L138_LCDK_switch_led.obj" "./L138_LCDK_aic3106_init.obj" "../linker_dsp.cmd" -l"C:\ti\OMAP-L138_GEL_BSL_Files\bsl\lib\evmomapl138_bsl.lib" -l"C:\ti\dsplib_c674x_3_4_0_0\packages\ti\dsplib\lib\dsplib.lib" -l"C:\ti\OMAPL138_StarterWare_1_10_04_01\binary\c674x\cgt_ccs\omapl138\drivers\Debug\drivers.lib" -l"rts6740.lib" 
<Linking>
warning #10373-D: library "C:\ti\OMAPL138_StarterWare_1_10_04_01\binary\c674x\cgt_ccs\omapl138\drivers\Debug\drivers.lib" contains ELF object files which are incompatible with the TI-COFF output file.  Ensure you are using the proper library.
warning #10373-D: library "C:\ti\OMAPL138_StarterWare_1_10_04_01\binary\c674x\cgt_ccs\omapl138\drivers\Debug\drivers.lib" contains ELF object files which are incompatible with the TI-COFF output file.  Ensure you are using the proper library.
'Finished building target: Lab5.out'
' '

**** Build Finished ****

**** Build of configuration Debug for project SamplingExperiments ****

"C:\\ti\\ccsv5\\utils\\bin\\gmake" -k all 
gmake: Nothing to be done for `all'.

**** Build Finished ****

**** Build of configuration Debug for project Lab5 ****

"C:\\ti\\ccsv5\\utils\\bin\\gmake" -k all 
gmake: Nothing to be done for `all'.

**** Build Finished ****

**** Build of configuration Debug for project Lab3s2 ****

"C:\\ti\\ccsv5\\utils\\bin\\gmake" -k all 
gmake: Nothing to be done for `all'.

**** Build Finished ****

**** Build of configuration Debug for project Lab4 ****

"C:\\ti\\ccsv5\\utils\\bin\\gmake" -k all 
gmake: Nothing to be done for `all'.

**** Build Finished ****

**** Build of configuration Debug for project Lab5 ****

"C:\\ti\\ccsv5\\utils\\bin\\gmake" -k all 
'Building file: ../main.c'
'Invoking: C6000 Compiler'
"C:/ti/ccsv5/tools/compiler/c6000_7.4.4/bin/cl6x" -mv6740 --abi=coffabi -g --include_path="C:/ti/ccsv5/tools/compiler/c6000_7.4.4/include" --include_path="C:/ti/dsplib_c674x_3_4_0_0/packages" --include_path="C:/ti/L138_support" --include_path="C:/ti/OMAP-L138_GEL_BSL_Files/bsl/inc" --include_path="C:/ti/OMAPL138_StarterWare_1_10_04_01/include" --include_path="C:/ti/OMAPL138_StarterWare_1_10_04_01/include/hw" --include_path="C:/ti/OMAPL138_StarterWare_1_10_04_01/include/c674x/omapl138" --define=omapl138 --display_error_number --diag_warning=225 --diag_wrap=off --preproc_with_compile --preproc_dependency="main.pp"  "../main.c"
"C:/ti/ccsv5/tools/compiler/c6000_7.4.4/include/stdint.h", line 42: warning #303-D: typedef name has already been declared (with same type)
"C:/ti/ccsv5/tools/compiler/c6000_7.4.4/include/stdint.h", line 43: warning #303-D: typedef name has already been declared (with same type)
"C:/ti/ccsv5/tools/compiler/c6000_7.4.4/include/stdint.h", line 44: warning #303-D: typedef name has already been declared (with same type)
"C:/ti/ccsv5/tools/compiler/c6000_7.4.4/include/stdint.h", line 45: warning #303-D: typedef name has already been declared (with same type)
"C:/ti/ccsv5/tools/compiler/c6000_7.4.4/include/stdint.h", line 46: warning #303-D: typedef name has already been declared (with same type)
"C:/ti/ccsv5/tools/compiler/c6000_7.4.4/include/stdint.h", line 47: warning #303-D: typedef name has already been declared (with same type)
'Finished building: ../main.c'
' '
'Building file: ../neuralNet.c'
'Invoking: C6000 Compiler'
"C:/ti/ccsv5/tools/compiler/c6000_7.4.4/bin/cl6x" -mv6740 --abi=coffabi -g --include_path="C:/ti/ccsv5/tools/compiler/c6000_7.4.4/include" --include_path="C:/ti/dsplib_c674x_3_4_0_0/packages" --include_path="C:/ti/L138_support" --include_path="C:/ti/OMAP-L138_GEL_BSL_Files/bsl/inc" --include_path="C:/ti/OMAPL138_StarterWare_1_10_04_01/include" --include_path="C:/ti/OMAPL138_StarterWare_1_10_04_01/include/hw" --include_path="C:/ti/OMAPL138_StarterWare_1_10_04_01/include/c674x/omapl138" --define=omapl138 --display_error_number --diag_warning=225 --diag_wrap=off --preproc_with_compile --preproc_dependency="neuralNet.pp"  "../neuralNet.c"
"../neuralNet.c", line 93: warning #97-D: a translation unit must contain at least one declaration
'Finished building: ../neuralNet.c'
' '
'Building target: Lab5.out'
'Invoking: C6000 Linker'
"C:/ti/ccsv5/tools/compiler/c6000_7.4.4/bin/cl6x" -mv6740 --abi=coffabi -g --define=omapl138 --display_error_number --diag_warning=225 --diag_wrap=off -z --stack_size=0x800 -m"Lab5.map" --heap_size=0x800 -i"C:/ti/ccsv5/tools/compiler/c6000_7.4.4/lib" -i"C:/ti/ccsv5/tools/compiler/c6000_7.4.4/include" --reread_libs --define=DSP_CORE=1 --warn_sections --display_error_number --diag_wrap=off --xml_link_info="Lab5_linkInfo.xml" --rom_model -o "Lab5.out"  "./vectors_intr.obj" "./psc.obj" "./neuralNet.obj" "./main.obj" "./gpio.obj" "./L138_LCDK_switch_led.obj" "./L138_LCDK_aic3106_init.obj" "../linker_dsp.cmd" -l"C:\ti\OMAP-L138_GEL_BSL_Files\bsl\lib\evmomapl138_bsl.lib" -l"C:\ti\dsplib_c674x_3_4_0_0\packages\ti\dsplib\lib\dsplib.lib" -l"C:\ti\OMAPL138_StarterWare_1_10_04_01\binary\c674x\cgt_ccs\omapl138\drivers\Debug\drivers.lib" -l"rts6740.lib" 
<Linking>
warning #10373-D: library "C:\ti\OMAPL138_StarterWare_1_10_04_01\binary\c674x\cgt_ccs\omapl138\drivers\Debug\drivers.lib" contains ELF object files which are incompatible with the TI-COFF output file.  Ensure you are using the proper library.
warning #10373-D: library "C:\ti\OMAPL138_StarterWare_1_10_04_01\binary\c674x\cgt_ccs\omapl138\drivers\Debug\drivers.lib" contains ELF object files which are incompatible with the TI-COFF output file.  Ensure you are using the proper library.
'Finished building target: Lab5.out'
' '

**** Build Finished ****

**** Build of configuration Debug for project SamplingExperiments ****

"C:\\ti\\ccsv5\\utils\\bin\\gmake" -k all 
gmake: Nothing to be done for `all'.

**** Build Finished ****

**** Build of configuration Debug for project Lab5 ****

"C:\\ti\\ccsv5\\utils\\bin\\gmake" -k all 
gmake: Nothing to be done for `all'.

**** Build Finished ****

**** Build of configuration Debug for project Lab3s2 ****

"C:\\ti\\ccsv5\\utils\\bin\\gmake" -k all 
gmake: Nothing to be done for `all'.

**** Build Finished ****

**** Build of configuration Debug for project Lab4 ****

"C:\\ti\\ccsv5\\utils\\bin\\gmake" -k all 
gmake: Nothing to be done for `all'.

**** Build Finished ****

**** Build of configuration Debug for project Lab5 ****

"C:\\ti\\ccsv5\\utils\\bin\\gmake" -k all 
'Building file: ../main.c'
'Invoking: C6000 Compiler'
"C:/ti/ccsv5/tools/compiler/c6000_7.4.4/bin/cl6x" -mv6740 --abi=coffabi -g --include_path="C:/ti/ccsv5/tools/compiler/c6000_7.4.4/include" --include_path="C:/ti/dsplib_c674x_3_4_0_0/packages" --include_path="C:/ti/L138_support" --include_path="C:/ti/OMAP-L138_GEL_BSL_Files/bsl/inc" --include_path="C:/ti/OMAPL138_StarterWare_1_10_04_01/include" --include_path="C:/ti/OMAPL138_StarterWare_1_10_04_01/include/hw" --include_path="C:/ti/OMAPL138_StarterWare_1_10_04_01/include/c674x/omapl138" --define=omapl138 --display_error_number --diag_warning=225 --diag_wrap=off --preproc_with_compile --preproc_dependency="main.pp"  "../main.c"
"C:/ti/ccsv5/tools/compiler/c6000_7.4.4/include/stdint.h", line 42: warning #303-D: typedef name has already been declared (with same type)
"C:/ti/ccsv5/tools/compiler/c6000_7.4.4/include/stdint.h", line 43: warning #303-D: typedef name has already been declared (with same type)
"C:/ti/ccsv5/tools/compiler/c6000_7.4.4/include/stdint.h", line 44: warning #303-D: typedef name has already been declared (with same type)
"C:/ti/ccsv5/tools/compiler/c6000_7.4.4/include/stdint.h", line 45: warning #303-D: typedef name has already been declared (with same type)
"C:/ti/ccsv5/tools/compiler/c6000_7.4.4/include/stdint.h", line 46: warning #303-D: typedef name has already been declared (with same type)
"C:/ti/ccsv5/tools/compiler/c6000_7.4.4/include/stdint.h", line 47: warning #303-D: typedef name has already been declared (with same type)
"../main.c", line 288: warning #522-D: initialization with "{...}" expected for aggregate object
"../main.c", line 288: error #29: expected an expression
"../main.c", line 291: warning #12-D: parsing restarts here after previous syntax error
"../main.c", line 351: error #20: identifier "x1_step1_ymin" is undefined
2 errors detected in the compilation of "../main.c".
gmake: *** [main.obj] Error 1
gmake: Target `all' not remade because of errors.

>> Compilation failure

**** Build Finished ****

**** Build of configuration Debug for project SamplingExperiments ****

"C:\\ti\\ccsv5\\utils\\bin\\gmake" -k all 
gmake: Nothing to be done for `all'.

**** Build Finished ****

**** Build of configuration Debug for project Lab3s2 ****

"C:\\ti\\ccsv5\\utils\\bin\\gmake" -k all 
gmake: Nothing to be done for `all'.

**** Build Finished ****

**** Build of configuration Debug for project Lab4 ****

"C:\\ti\\ccsv5\\utils\\bin\\gmake" -k all 
gmake: Nothing to be done for `all'.

**** Build Finished ****

**** Build of configuration Debug for project Lab5 ****

"C:\\ti\\ccsv5\\utils\\bin\\gmake" -k all 
'Building file: ../main.c'
'Invoking: C6000 Compiler'
"C:/ti/ccsv5/tools/compiler/c6000_7.4.4/bin/cl6x" -mv6740 --abi=coffabi -g --include_path="C:/ti/ccsv5/tools/compiler/c6000_7.4.4/include" --include_path="C:/ti/dsplib_c674x_3_4_0_0/packages" --include_path="C:/ti/L138_support" --include_path="C:/ti/OMAP-L138_GEL_BSL_Files/bsl/inc" --include_path="C:/ti/OMAPL138_StarterWare_1_10_04_01/include" --include_path="C:/ti/OMAPL138_StarterWare_1_10_04_01/include/hw" --include_path="C:/ti/OMAPL138_StarterWare_1_10_04_01/include/c674x/omapl138" --define=omapl138 --display_error_number --diag_warning=225 --diag_wrap=off --preproc_with_compile --preproc_dependency="main.pp"  "../main.c"
"C:/ti/ccsv5/tools/compiler/c6000_7.4.4/include/stdint.h", line 42: warning #303-D: typedef name has already been declared (with same type)
"C:/ti/ccsv5/tools/compiler/c6000_7.4.4/include/stdint.h", line 43: warning #303-D: typedef name has already been declared (with same type)
"C:/ti/ccsv5/tools/compiler/c6000_7.4.4/include/stdint.h", line 44: warning #303-D: typedef name has already been declared (with same type)
"C:/ti/ccsv5/tools/compiler/c6000_7.4.4/include/stdint.h", line 45: warning #303-D: typedef name has already been declared (with same type)
"C:/ti/ccsv5/tools/compiler/c6000_7.4.4/include/stdint.h", line 46: warning #303-D: typedef name has already been declared (with same type)
"C:/ti/ccsv5/tools/compiler/c6000_7.4.4/include/stdint.h", line 47: warning #303-D: typedef name has already been declared (with same type)
'Finished building: ../main.c'
' '
'Building target: Lab5.out'
'Invoking: C6000 Linker'
"C:/ti/ccsv5/tools/compiler/c6000_7.4.4/bin/cl6x" -mv6740 --abi=coffabi -g --define=omapl138 --display_error_number --diag_warning=225 --diag_wrap=off -z --stack_size=0x800 -m"Lab5.map" --heap_size=0x800 -i"C:/ti/ccsv5/tools/compiler/c6000_7.4.4/lib" -i"C:/ti/ccsv5/tools/compiler/c6000_7.4.4/include" --reread_libs --define=DSP_CORE=1 --warn_sections --display_error_number --diag_wrap=off --xml_link_info="Lab5_linkInfo.xml" --rom_model -o "Lab5.out"  "./vectors_intr.obj" "./psc.obj" "./neuralNet.obj" "./main.obj" "./gpio.obj" "./L138_LCDK_switch_led.obj" "./L138_LCDK_aic3106_init.obj" "../linker_dsp.cmd" -l"C:\ti\OMAP-L138_GEL_BSL_Files\bsl\lib\evmomapl138_bsl.lib" -l"C:\ti\dsplib_c674x_3_4_0_0\packages\ti\dsplib\lib\dsplib.lib" -l"C:\ti\OMAPL138_StarterWare_1_10_04_01\binary\c674x\cgt_ccs\omapl138\drivers\Debug\drivers.lib" -l"rts6740.lib" 
<Linking>
warning #10373-D: library "C:\ti\OMAPL138_StarterWare_1_10_04_01\binary\c674x\cgt_ccs\omapl138\drivers\Debug\drivers.lib" contains ELF object files which are incompatible with the TI-COFF output file.  Ensure you are using the proper library.
warning #10373-D: library "C:\ti\OMAPL138_StarterWare_1_10_04_01\binary\c674x\cgt_ccs\omapl138\drivers\Debug\drivers.lib" contains ELF object files which are incompatible with the TI-COFF output file.  Ensure you are using the proper library.
'Finished building target: Lab5.out'
' '

**** Build Finished ****

**** Build of configuration Debug for project SamplingExperiments ****

"C:\\ti\\ccsv5\\utils\\bin\\gmake" -k all 
gmake: Nothing to be done for `all'.

**** Build Finished ****

**** Build of configuration Debug for project Lab3s2 ****

"C:\\ti\\ccsv5\\utils\\bin\\gmake" -k all 
gmake: Nothing to be done for `all'.

**** Build Finished ****

**** Build of configuration Debug for project Lab4 ****

"C:\\ti\\ccsv5\\utils\\bin\\gmake" -k all 
gmake: Nothing to be done for `all'.

**** Build Finished ****

**** Build of configuration Debug for project Lab5 ****

"C:\\ti\\ccsv5\\utils\\bin\\gmake" -k all 
'Building file: ../main.c'
'Invoking: C6000 Compiler'
"C:/ti/ccsv5/tools/compiler/c6000_7.4.4/bin/cl6x" -mv6740 --abi=coffabi -g --include_path="C:/ti/ccsv5/tools/compiler/c6000_7.4.4/include" --include_path="C:/ti/dsplib_c674x_3_4_0_0/packages" --include_path="C:/ti/L138_support" --include_path="C:/ti/OMAP-L138_GEL_BSL_Files/bsl/inc" --include_path="C:/ti/OMAPL138_StarterWare_1_10_04_01/include" --include_path="C:/ti/OMAPL138_StarterWare_1_10_04_01/include/hw" --include_path="C:/ti/OMAPL138_StarterWare_1_10_04_01/include/c674x/omapl138" --define=omapl138 --display_error_number --diag_warning=225 --diag_wrap=off --preproc_with_compile --preproc_dependency="main.pp"  "../main.c"
"C:/ti/ccsv5/tools/compiler/c6000_7.4.4/include/stdint.h", line 42: warning #303-D: typedef name has already been declared (with same type)
"C:/ti/ccsv5/tools/compiler/c6000_7.4.4/include/stdint.h", line 43: warning #303-D: typedef name has already been declared (with same type)
"C:/ti/ccsv5/tools/compiler/c6000_7.4.4/include/stdint.h", line 44: warning #303-D: typedef name has already been declared (with same type)
"C:/ti/ccsv5/tools/compiler/c6000_7.4.4/include/stdint.h", line 45: warning #303-D: typedef name has already been declared (with same type)
"C:/ti/ccsv5/tools/compiler/c6000_7.4.4/include/stdint.h", line 46: warning #303-D: typedef name has already been declared (with same type)
"C:/ti/ccsv5/tools/compiler/c6000_7.4.4/include/stdint.h", line 47: warning #303-D: typedef name has already been declared (with same type)
'Finished building: ../main.c'
' '
'Building target: Lab5.out'
'Invoking: C6000 Linker'
"C:/ti/ccsv5/tools/compiler/c6000_7.4.4/bin/cl6x" -mv6740 --abi=coffabi -g --define=omapl138 --display_error_number --diag_warning=225 --diag_wrap=off -z --stack_size=0x800 -m"Lab5.map" --heap_size=0x800 -i"C:/ti/ccsv5/tools/compiler/c6000_7.4.4/lib" -i"C:/ti/ccsv5/tools/compiler/c6000_7.4.4/include" --reread_libs --define=DSP_CORE=1 --warn_sections --display_error_number --diag_wrap=off --xml_link_info="Lab5_linkInfo.xml" --rom_model -o "Lab5.out"  "./vectors_intr.obj" "./psc.obj" "./neuralNet.obj" "./main.obj" "./gpio.obj" "./L138_LCDK_switch_led.obj" "./L138_LCDK_aic3106_init.obj" "../linker_dsp.cmd" -l"C:\ti\OMAP-L138_GEL_BSL_Files\bsl\lib\evmomapl138_bsl.lib" -l"C:\ti\dsplib_c674x_3_4_0_0\packages\ti\dsplib\lib\dsplib.lib" -l"C:\ti\OMAPL138_StarterWare_1_10_04_01\binary\c674x\cgt_ccs\omapl138\drivers\Debug\drivers.lib" -l"rts6740.lib" 
<Linking>
warning #10373-D: library "C:\ti\OMAPL138_StarterWare_1_10_04_01\binary\c674x\cgt_ccs\omapl138\drivers\Debug\drivers.lib" contains ELF object files which are incompatible with the TI-COFF output file.  Ensure you are using the proper library.
warning #10373-D: library "C:\ti\OMAPL138_StarterWare_1_10_04_01\binary\c674x\cgt_ccs\omapl138\drivers\Debug\drivers.lib" contains ELF object files which are incompatible with the TI-COFF output file.  Ensure you are using the proper library.
'Finished building target: Lab5.out'
' '

**** Build Finished ****

**** Build of configuration Debug for project SamplingExperiments ****

"C:\\ti\\ccsv5\\utils\\bin\\gmake" -k all 
gmake: Nothing to be done for `all'.

**** Build Finished ****

**** Build of configuration Debug for project Lab5 ****

"C:\\ti\\ccsv5\\utils\\bin\\gmake" -k all 
'Building file: ../main.c'
'Invoking: C6000 Compiler'
"C:/ti/ccsv5/tools/compiler/c6000_7.4.4/bin/cl6x" -mv6740 --abi=coffabi -g --include_path="C:/ti/ccsv5/tools/compiler/c6000_7.4.4/include" --include_path="C:/ti/dsplib_c674x_3_4_0_0/packages" --include_path="C:/ti/L138_support" --include_path="C:/ti/OMAP-L138_GEL_BSL_Files/bsl/inc" --include_path="C:/ti/OMAPL138_StarterWare_1_10_04_01/include" --include_path="C:/ti/OMAPL138_StarterWare_1_10_04_01/include/hw" --include_path="C:/ti/OMAPL138_StarterWare_1_10_04_01/include/c674x/omapl138" --define=omapl138 --display_error_number --diag_warning=225 --diag_wrap=off --preproc_with_compile --preproc_dependency="main.pp"  "../main.c"
"C:/ti/ccsv5/tools/compiler/c6000_7.4.4/include/stdint.h", line 42: warning #303-D: typedef name has already been declared (with same type)
"C:/ti/ccsv5/tools/compiler/c6000_7.4.4/include/stdint.h", line 43: warning #303-D: typedef name has already been declared (with same type)
"C:/ti/ccsv5/tools/compiler/c6000_7.4.4/include/stdint.h", line 44: warning #303-D: typedef name has already been declared (with same type)
"C:/ti/ccsv5/tools/compiler/c6000_7.4.4/include/stdint.h", line 45: warning #303-D: typedef name has already been declared (with same type)
"C:/ti/ccsv5/tools/compiler/c6000_7.4.4/include/stdint.h", line 46: warning #303-D: typedef name has already been declared (with same type)
"C:/ti/ccsv5/tools/compiler/c6000_7.4.4/include/stdint.h", line 47: warning #303-D: typedef name has already been declared (with same type)
'Finished building: ../main.c'
' '
'Building target: Lab5.out'
'Invoking: C6000 Linker'
"C:/ti/ccsv5/tools/compiler/c6000_7.4.4/bin/cl6x" -mv6740 --abi=coffabi -g --define=omapl138 --display_error_number --diag_warning=225 --diag_wrap=off -z --stack_size=0x800 -m"Lab5.map" --heap_size=0x800 -i"C:/ti/ccsv5/tools/compiler/c6000_7.4.4/lib" -i"C:/ti/ccsv5/tools/compiler/c6000_7.4.4/include" --reread_libs --define=DSP_CORE=1 --warn_sections --display_error_number --diag_wrap=off --xml_link_info="Lab5_linkInfo.xml" --rom_model -o "Lab5.out"  "./vectors_intr.obj" "./psc.obj" "./neuralNet.obj" "./main.obj" "./gpio.obj" "./L138_LCDK_switch_led.obj" "./L138_LCDK_aic3106_init.obj" "../linker_dsp.cmd" -l"C:\ti\OMAP-L138_GEL_BSL_Files\bsl\lib\evmomapl138_bsl.lib" -l"C:\ti\dsplib_c674x_3_4_0_0\packages\ti\dsplib\lib\dsplib.lib" -l"C:\ti\OMAPL138_StarterWare_1_10_04_01\binary\c674x\cgt_ccs\omapl138\drivers\Debug\drivers.lib" -l"rts6740.lib" 
<Linking>
warning #10373-D: library "C:\ti\OMAPL138_StarterWare_1_10_04_01\binary\c674x\cgt_ccs\omapl138\drivers\Debug\drivers.lib" contains ELF object files which are incompatible with the TI-COFF output file.  Ensure you are using the proper library.
warning #10373-D: library "C:\ti\OMAPL138_StarterWare_1_10_04_01\binary\c674x\cgt_ccs\omapl138\drivers\Debug\drivers.lib" contains ELF object files which are incompatible with the TI-COFF output file.  Ensure you are using the proper library.
'Finished building target: Lab5.out'
' '

**** Build Finished ****

**** Build of configuration Debug for project Lab3s2 ****

"C:\\ti\\ccsv5\\utils\\bin\\gmake" -k all 
gmake: Nothing to be done for `all'.

**** Build Finished ****

**** Build of configuration Debug for project Lab4 ****

"C:\\ti\\ccsv5\\utils\\bin\\gmake" -k all 
gmake: Nothing to be done for `all'.

**** Build Finished ****

**** Build of configuration Debug for project Lab5 ****

"C:\\ti\\ccsv5\\utils\\bin\\gmake" -k all 
'Building file: ../main.c'
'Invoking: C6000 Compiler'
"C:/ti/ccsv5/tools/compiler/c6000_7.4.4/bin/cl6x" -mv6740 --abi=coffabi -g --include_path="C:/ti/ccsv5/tools/compiler/c6000_7.4.4/include" --include_path="C:/ti/dsplib_c674x_3_4_0_0/packages" --include_path="C:/ti/L138_support" --include_path="C:/ti/OMAP-L138_GEL_BSL_Files/bsl/inc" --include_path="C:/ti/OMAPL138_StarterWare_1_10_04_01/include" --include_path="C:/ti/OMAPL138_StarterWare_1_10_04_01/include/hw" --include_path="C:/ti/OMAPL138_StarterWare_1_10_04_01/include/c674x/omapl138" --define=omapl138 --display_error_number --diag_warning=225 --diag_wrap=off --preproc_with_compile --preproc_dependency="main.pp"  "../main.c"
"C:/ti/ccsv5/tools/compiler/c6000_7.4.4/include/stdint.h", line 42: warning #303-D: typedef name has already been declared (with same type)
"C:/ti/ccsv5/tools/compiler/c6000_7.4.4/include/stdint.h", line 43: warning #303-D: typedef name has already been declared (with same type)
"C:/ti/ccsv5/tools/compiler/c6000_7.4.4/include/stdint.h", line 44: warning #303-D: typedef name has already been declared (with same type)
"C:/ti/ccsv5/tools/compiler/c6000_7.4.4/include/stdint.h", line 45: warning #303-D: typedef name has already been declared (with same type)
"C:/ti/ccsv5/tools/compiler/c6000_7.4.4/include/stdint.h", line 46: warning #303-D: typedef name has already been declared (with same type)
"C:/ti/ccsv5/tools/compiler/c6000_7.4.4/include/stdint.h", line 47: warning #303-D: typedef name has already been declared (with same type)
'Finished building: ../main.c'
' '
'Building file: ../maincatherine.c'
'Invoking: C6000 Compiler'
"C:/ti/ccsv5/tools/compiler/c6000_7.4.4/bin/cl6x" -mv6740 --abi=coffabi -g --include_path="C:/ti/ccsv5/tools/compiler/c6000_7.4.4/include" --include_path="C:/ti/dsplib_c674x_3_4_0_0/packages" --include_path="C:/ti/L138_support" --include_path="C:/ti/OMAP-L138_GEL_BSL_Files/bsl/inc" --include_path="C:/ti/OMAPL138_StarterWare_1_10_04_01/include" --include_path="C:/ti/OMAPL138_StarterWare_1_10_04_01/include/hw" --include_path="C:/ti/OMAPL138_StarterWare_1_10_04_01/include/c674x/omapl138" --define=omapl138 --display_error_number --diag_warning=225 --diag_wrap=off --preproc_with_compile --preproc_dependency="maincatherine.pp"  "../maincatherine.c"
"../maincatherine.c", line 277: warning #97-D: a translation unit must contain at least one declaration
'Finished building: ../maincatherine.c'
' '
'Building target: Lab5.out'
'Invoking: C6000 Linker'
"C:/ti/ccsv5/tools/compiler/c6000_7.4.4/bin/cl6x" -mv6740 --abi=coffabi -g --define=omapl138 --display_error_number --diag_warning=225 --diag_wrap=off -z --stack_size=0x800 -m"Lab5.map" --heap_size=0x800 -i"C:/ti/ccsv5/tools/compiler/c6000_7.4.4/lib" -i"C:/ti/ccsv5/tools/compiler/c6000_7.4.4/include" --reread_libs --define=DSP_CORE=1 --warn_sections --display_error_number --diag_wrap=off --xml_link_info="Lab5_linkInfo.xml" --rom_model -o "Lab5.out"  "./vectors_intr.obj" "./psc.obj" "./neuralNet.obj" "./maincatherine.obj" "./main.obj" "./gpio.obj" "./L138_LCDK_switch_led.obj" "./L138_LCDK_aic3106_init.obj" "../linker_dsp.cmd" -l"C:\ti\OMAP-L138_GEL_BSL_Files\bsl\lib\evmomapl138_bsl.lib" -l"C:\ti\dsplib_c674x_3_4_0_0\packages\ti\dsplib\lib\dsplib.lib" -l"C:\ti\OMAPL138_StarterWare_1_10_04_01\binary\c674x\cgt_ccs\omapl138\drivers\Debug\drivers.lib" -l"rts6740.lib" 
<Linking>
warning #10373-D: library "C:\ti\OMAPL138_StarterWare_1_10_04_01\binary\c674x\cgt_ccs\omapl138\drivers\Debug\drivers.lib" contains ELF object files which are incompatible with the TI-COFF output file.  Ensure you are using the proper library.
warning #10373-D: library "C:\ti\OMAPL138_StarterWare_1_10_04_01\binary\c674x\cgt_ccs\omapl138\drivers\Debug\drivers.lib" contains ELF object files which are incompatible with the TI-COFF output file.  Ensure you are using the proper library.
'Finished building target: Lab5.out'
' '

**** Build Finished ****

**** Build of configuration Debug for project SamplingExperiments ****

"C:\\ti\\ccsv5\\utils\\bin\\gmake" -k all 
gmake: Nothing to be done for `all'.

**** Build Finished ****

**** Build of configuration Debug for project Lab5 ****

"C:\\ti\\ccsv5\\utils\\bin\\gmake" -k all 
gmake: Nothing to be done for `all'.

**** Build Finished ****

**** Build of configuration Debug for project Lab3s2 ****

"C:\\ti\\ccsv5\\utils\\bin\\gmake" -k all 
gmake: Nothing to be done for `all'.

**** Build Finished ****

**** Build of configuration Debug for project Lab4 ****

"C:\\ti\\ccsv5\\utils\\bin\\gmake" -k all 
gmake: Nothing to be done for `all'.

**** Build Finished ****

**** Build of configuration Debug for project Lab5 ****

"C:\\ti\\ccsv5\\utils\\bin\\gmake" -k all 
'Building file: ../main.c'
'Invoking: C6000 Compiler'
"C:/ti/ccsv5/tools/compiler/c6000_7.4.4/bin/cl6x" -mv6740 --abi=coffabi -g --include_path="C:/ti/ccsv5/tools/compiler/c6000_7.4.4/include" --include_path="C:/ti/dsplib_c674x_3_4_0_0/packages" --include_path="C:/ti/L138_support" --include_path="C:/ti/OMAP-L138_GEL_BSL_Files/bsl/inc" --include_path="C:/ti/OMAPL138_StarterWare_1_10_04_01/include" --include_path="C:/ti/OMAPL138_StarterWare_1_10_04_01/include/hw" --include_path="C:/ti/OMAPL138_StarterWare_1_10_04_01/include/c674x/omapl138" --define=omapl138 --display_error_number --diag_warning=225 --diag_wrap=off --preproc_with_compile --preproc_dependency="main.pp"  "../main.c"
"C:/ti/ccsv5/tools/compiler/c6000_7.4.4/include/stdint.h", line 42: warning #303-D: typedef name has already been declared (with same type)
"C:/ti/ccsv5/tools/compiler/c6000_7.4.4/include/stdint.h", line 43: warning #303-D: typedef name has already been declared (with same type)
"C:/ti/ccsv5/tools/compiler/c6000_7.4.4/include/stdint.h", line 44: warning #303-D: typedef name has already been declared (with same type)
"C:/ti/ccsv5/tools/compiler/c6000_7.4.4/include/stdint.h", line 45: warning #303-D: typedef name has already been declared (with same type)
"C:/ti/ccsv5/tools/compiler/c6000_7.4.4/include/stdint.h", line 46: warning #303-D: typedef name has already been declared (with same type)
"C:/ti/ccsv5/tools/compiler/c6000_7.4.4/include/stdint.h", line 47: warning #303-D: typedef name has already been declared (with same type)
'Finished building: ../main.c'
' '
'Building target: Lab5.out'
'Invoking: C6000 Linker'
"C:/ti/ccsv5/tools/compiler/c6000_7.4.4/bin/cl6x" -mv6740 --abi=coffabi -g --define=omapl138 --display_error_number --diag_warning=225 --diag_wrap=off -z --stack_size=0x800 -m"Lab5.map" --heap_size=0x800 -i"C:/ti/ccsv5/tools/compiler/c6000_7.4.4/lib" -i"C:/ti/ccsv5/tools/compiler/c6000_7.4.4/include" --reread_libs --define=DSP_CORE=1 --warn_sections --display_error_number --diag_wrap=off --xml_link_info="Lab5_linkInfo.xml" --rom_model -o "Lab5.out"  "./vectors_intr.obj" "./psc.obj" "./neuralNet.obj" "./maincatherine.obj" "./main.obj" "./gpio.obj" "./L138_LCDK_switch_led.obj" "./L138_LCDK_aic3106_init.obj" "../linker_dsp.cmd" -l"C:\ti\OMAP-L138_GEL_BSL_Files\bsl\lib\evmomapl138_bsl.lib" -l"C:\ti\dsplib_c674x_3_4_0_0\packages\ti\dsplib\lib\dsplib.lib" -l"C:\ti\OMAPL138_StarterWare_1_10_04_01\binary\c674x\cgt_ccs\omapl138\drivers\Debug\drivers.lib" -l"rts6740.lib" 
<Linking>
warning #10373-D: library "C:\ti\OMAPL138_StarterWare_1_10_04_01\binary\c674x\cgt_ccs\omapl138\drivers\Debug\drivers.lib" contains ELF object files which are incompatible with the TI-COFF output file.  Ensure you are using the proper library.
warning #10373-D: library "C:\ti\OMAPL138_StarterWare_1_10_04_01\binary\c674x\cgt_ccs\omapl138\drivers\Debug\drivers.lib" contains ELF object files which are incompatible with the TI-COFF output file.  Ensure you are using the proper library.
'Finished building target: Lab5.out'
' '

**** Build Finished ****

**** Build of configuration Debug for project SamplingExperiments ****

"C:\\ti\\ccsv5\\utils\\bin\\gmake" -k all 
gmake: Nothing to be done for `all'.

**** Build Finished ****

**** Build of configuration Debug for project Lab5 ****

"C:\\ti\\ccsv5\\utils\\bin\\gmake" -k all 
gmake: Nothing to be done for `all'.

**** Build Finished ****

**** Build of configuration Debug for project Lab3s2 ****

"C:\\ti\\ccsv5\\utils\\bin\\gmake" -k all 
gmake: Nothing to be done for `all'.

**** Build Finished ****

**** Build of configuration Debug for project Lab4 ****

"C:\\ti\\ccsv5\\utils\\bin\\gmake" -k all 
gmake: Nothing to be done for `all'.

**** Build Finished ****

**** Build of configuration Debug for project Lab5 ****

"C:\\ti\\ccsv5\\utils\\bin\\gmake" -k all 
'Building file: ../main.c'
'Invoking: C6000 Compiler'
"C:/ti/ccsv5/tools/compiler/c6000_7.4.4/bin/cl6x" -mv6740 --abi=coffabi -g --include_path="C:/ti/ccsv5/tools/compiler/c6000_7.4.4/include" --include_path="C:/ti/dsplib_c674x_3_4_0_0/packages" --include_path="C:/ti/L138_support" --include_path="C:/ti/OMAP-L138_GEL_BSL_Files/bsl/inc" --include_path="C:/ti/OMAPL138_StarterWare_1_10_04_01/include" --include_path="C:/ti/OMAPL138_StarterWare_1_10_04_01/include/hw" --include_path="C:/ti/OMAPL138_StarterWare_1_10_04_01/include/c674x/omapl138" --define=omapl138 --display_error_number --diag_warning=225 --diag_wrap=off --preproc_with_compile --preproc_dependency="main.pp"  "../main.c"
"C:/ti/ccsv5/tools/compiler/c6000_7.4.4/include/stdint.h", line 42: warning #303-D: typedef name has already been declared (with same type)
"C:/ti/ccsv5/tools/compiler/c6000_7.4.4/include/stdint.h", line 43: warning #303-D: typedef name has already been declared (with same type)
"C:/ti/ccsv5/tools/compiler/c6000_7.4.4/include/stdint.h", line 44: warning #303-D: typedef name has already been declared (with same type)
"C:/ti/ccsv5/tools/compiler/c6000_7.4.4/include/stdint.h", line 45: warning #303-D: typedef name has already been declared (with same type)
"C:/ti/ccsv5/tools/compiler/c6000_7.4.4/include/stdint.h", line 46: warning #303-D: typedef name has already been declared (with same type)
"C:/ti/ccsv5/tools/compiler/c6000_7.4.4/include/stdint.h", line 47: warning #303-D: typedef name has already been declared (with same type)
'Finished building: ../main.c'
' '
'Building target: Lab5.out'
'Invoking: C6000 Linker'
"C:/ti/ccsv5/tools/compiler/c6000_7.4.4/bin/cl6x" -mv6740 --abi=coffabi -g --define=omapl138 --display_error_number --diag_warning=225 --diag_wrap=off -z --stack_size=0x800 -m"Lab5.map" --heap_size=0x800 -i"C:/ti/ccsv5/tools/compiler/c6000_7.4.4/lib" -i"C:/ti/ccsv5/tools/compiler/c6000_7.4.4/include" --reread_libs --define=DSP_CORE=1 --warn_sections --display_error_number --diag_wrap=off --xml_link_info="Lab5_linkInfo.xml" --rom_model -o "Lab5.out"  "./vectors_intr.obj" "./psc.obj" "./neuralNet.obj" "./maincatherine.obj" "./main.obj" "./gpio.obj" "./L138_LCDK_switch_led.obj" "./L138_LCDK_aic3106_init.obj" "../linker_dsp.cmd" -l"C:\ti\OMAP-L138_GEL_BSL_Files\bsl\lib\evmomapl138_bsl.lib" -l"C:\ti\dsplib_c674x_3_4_0_0\packages\ti\dsplib\lib\dsplib.lib" -l"C:\ti\OMAPL138_StarterWare_1_10_04_01\binary\c674x\cgt_ccs\omapl138\drivers\Debug\drivers.lib" -l"rts6740.lib" 
<Linking>
warning #10373-D: library "C:\ti\OMAPL138_StarterWare_1_10_04_01\binary\c674x\cgt_ccs\omapl138\drivers\Debug\drivers.lib" contains ELF object files which are incompatible with the TI-COFF output file.  Ensure you are using the proper library.
warning #10373-D: library "C:\ti\OMAPL138_StarterWare_1_10_04_01\binary\c674x\cgt_ccs\omapl138\drivers\Debug\drivers.lib" contains ELF object files which are incompatible with the TI-COFF output file.  Ensure you are using the proper library.
'Finished building target: Lab5.out'
' '

**** Build Finished ****

**** Build of configuration Debug for project SamplingExperiments ****

"C:\\ti\\ccsv5\\utils\\bin\\gmake" -k all 
gmake: Nothing to be done for `all'.

**** Build Finished ****

**** Build of configuration Debug for project Lab5 ****

"C:\\ti\\ccsv5\\utils\\bin\\gmake" -k all 
gmake: Nothing to be done for `all'.

**** Build Finished ****

**** Build of configuration Debug for project Lab5 ****

"C:\\ti\\ccsv5\\utils\\bin\\gmake" -k all 
gmake: Nothing to be done for `all'.

**** Build Finished ****

**** Build of configuration Debug for project Lab5 ****

"C:\\ti\\ccsv5\\utils\\bin\\gmake" -k all 
gmake: Nothing to be done for `all'.

**** Build Finished ****

**** Build of configuration Debug for project Lab5 ****

"C:\\ti\\ccsv5\\utils\\bin\\gmake" -k all 
gmake: Nothing to be done for `all'.

**** Build Finished ****

**** Build of configuration Debug for project Lab5 ****

"C:\\ti\\ccsv5\\utils\\bin\\gmake" -k all 
gmake: Nothing to be done for `all'.

**** Build Finished ****

**** Build of configuration Debug for project Lab5 ****

"C:\\ti\\ccsv5\\utils\\bin\\gmake" -k all 
'Building file: ../main.c'
'Invoking: C6000 Compiler'
"C:/ti/ccsv5/tools/compiler/c6000_7.4.4/bin/cl6x" -mv6740 --abi=coffabi -g --include_path="C:/ti/ccsv5/tools/compiler/c6000_7.4.4/include" --include_path="C:/ti/dsplib_c674x_3_4_0_0/packages" --include_path="C:/ti/L138_support" --include_path="C:/ti/OMAP-L138_GEL_BSL_Files/bsl/inc" --include_path="C:/ti/OMAPL138_StarterWare_1_10_04_01/include" --include_path="C:/ti/OMAPL138_StarterWare_1_10_04_01/include/hw" --include_path="C:/ti/OMAPL138_StarterWare_1_10_04_01/include/c674x/omapl138" --define=omapl138 --display_error_number --diag_warning=225 --diag_wrap=off --preproc_with_compile --preproc_dependency="main.pp"  "../main.c"
"C:/ti/ccsv5/tools/compiler/c6000_7.4.4/include/stdint.h", line 42: warning #303-D: typedef name has already been declared (with same type)
"C:/ti/ccsv5/tools/compiler/c6000_7.4.4/include/stdint.h", line 43: warning #303-D: typedef name has already been declared (with same type)
"C:/ti/ccsv5/tools/compiler/c6000_7.4.4/include/stdint.h", line 44: warning #303-D: typedef name has already been declared (with same type)
"C:/ti/ccsv5/tools/compiler/c6000_7.4.4/include/stdint.h", line 45: warning #303-D: typedef name has already been declared (with same type)
"C:/ti/ccsv5/tools/compiler/c6000_7.4.4/include/stdint.h", line 46: warning #303-D: typedef name has already been declared (with same type)
"C:/ti/ccsv5/tools/compiler/c6000_7.4.4/include/stdint.h", line 47: warning #303-D: typedef name has already been declared (with same type)
'Finished building: ../main.c'
' '
'Building target: Lab5.out'
'Invoking: C6000 Linker'
"C:/ti/ccsv5/tools/compiler/c6000_7.4.4/bin/cl6x" -mv6740 --abi=coffabi -g --define=omapl138 --display_error_number --diag_warning=225 --diag_wrap=off -z --stack_size=0x800 -m"Lab5.map" --heap_size=0x800 -i"C:/ti/ccsv5/tools/compiler/c6000_7.4.4/lib" -i"C:/ti/ccsv5/tools/compiler/c6000_7.4.4/include" --reread_libs --define=DSP_CORE=1 --warn_sections --display_error_number --diag_wrap=off --xml_link_info="Lab5_linkInfo.xml" --rom_model -o "Lab5.out"  "./vectors_intr.obj" "./psc.obj" "./neuralNet.obj" "./maincatherine.obj" "./main.obj" "./gpio.obj" "./L138_LCDK_switch_led.obj" "./L138_LCDK_aic3106_init.obj" "../linker_dsp.cmd" -l"C:\ti\OMAP-L138_GEL_BSL_Files\bsl\lib\evmomapl138_bsl.lib" -l"C:\ti\dsplib_c674x_3_4_0_0\packages\ti\dsplib\lib\dsplib.lib" -l"C:\ti\OMAPL138_StarterWare_1_10_04_01\binary\c674x\cgt_ccs\omapl138\drivers\Debug\drivers.lib" -l"rts6740.lib" 
<Linking>
warning #10373-D: library "C:\ti\OMAPL138_StarterWare_1_10_04_01\binary\c674x\cgt_ccs\omapl138\drivers\Debug\drivers.lib" contains ELF object files which are incompatible with the TI-COFF output file.  Ensure you are using the proper library.
warning #10373-D: library "C:\ti\OMAPL138_StarterWare_1_10_04_01\binary\c674x\cgt_ccs\omapl138\drivers\Debug\drivers.lib" contains ELF object files which are incompatible with the TI-COFF output file.  Ensure you are using the proper library.
'Finished building target: Lab5.out'
' '

**** Build Finished ****

**** Build of configuration Debug for project Lab5 ****

"C:\\ti\\ccsv5\\utils\\bin\\gmake" -k all 
'Building file: ../main.c'
'Invoking: C6000 Compiler'
"C:/ti/ccsv5/tools/compiler/c6000_7.4.4/bin/cl6x" -mv6740 --abi=coffabi -g --include_path="C:/ti/ccsv5/tools/compiler/c6000_7.4.4/include" --include_path="C:/ti/dsplib_c674x_3_4_0_0/packages" --include_path="C:/ti/L138_support" --include_path="C:/ti/OMAP-L138_GEL_BSL_Files/bsl/inc" --include_path="C:/ti/OMAPL138_StarterWare_1_10_04_01/include" --include_path="C:/ti/OMAPL138_StarterWare_1_10_04_01/include/hw" --include_path="C:/ti/OMAPL138_StarterWare_1_10_04_01/include/c674x/omapl138" --define=omapl138 --display_error_number --diag_warning=225 --diag_wrap=off --preproc_with_compile --preproc_dependency="main.pp"  "../main.c"
"C:/ti/ccsv5/tools/compiler/c6000_7.4.4/include/stdint.h", line 42: warning #303-D: typedef name has already been declared (with same type)
"C:/ti/ccsv5/tools/compiler/c6000_7.4.4/include/stdint.h", line 43: warning #303-D: typedef name has already been declared (with same type)
"C:/ti/ccsv5/tools/compiler/c6000_7.4.4/include/stdint.h", line 44: warning #303-D: typedef name has already been declared (with same type)
"C:/ti/ccsv5/tools/compiler/c6000_7.4.4/include/stdint.h", line 45: warning #303-D: typedef name has already been declared (with same type)
"C:/ti/ccsv5/tools/compiler/c6000_7.4.4/include/stdint.h", line 46: warning #303-D: typedef name has already been declared (with same type)
"C:/ti/ccsv5/tools/compiler/c6000_7.4.4/include/stdint.h", line 47: warning #303-D: typedef name has already been declared (with same type)
'Finished building: ../main.c'
' '
'Building target: Lab5.out'
'Invoking: C6000 Linker'
"C:/ti/ccsv5/tools/compiler/c6000_7.4.4/bin/cl6x" -mv6740 --abi=coffabi -g --define=omapl138 --display_error_number --diag_warning=225 --diag_wrap=off -z --stack_size=0x800 -m"Lab5.map" --heap_size=0x800 -i"C:/ti/ccsv5/tools/compiler/c6000_7.4.4/lib" -i"C:/ti/ccsv5/tools/compiler/c6000_7.4.4/include" --reread_libs --define=DSP_CORE=1 --warn_sections --display_error_number --diag_wrap=off --xml_link_info="Lab5_linkInfo.xml" --rom_model -o "Lab5.out"  "./vectors_intr.obj" "./psc.obj" "./neuralNet.obj" "./maincatherine.obj" "./main.obj" "./gpio.obj" "./L138_LCDK_switch_led.obj" "./L138_LCDK_aic3106_init.obj" "../linker_dsp.cmd" -l"C:\ti\OMAP-L138_GEL_BSL_Files\bsl\lib\evmomapl138_bsl.lib" -l"C:\ti\dsplib_c674x_3_4_0_0\packages\ti\dsplib\lib\dsplib.lib" -l"C:\ti\OMAPL138_StarterWare_1_10_04_01\binary\c674x\cgt_ccs\omapl138\drivers\Debug\drivers.lib" -l"rts6740.lib" 
<Linking>
warning #10373-D: library "C:\ti\OMAPL138_StarterWare_1_10_04_01\binary\c674x\cgt_ccs\omapl138\drivers\Debug\drivers.lib" contains ELF object files which are incompatible with the TI-COFF output file.  Ensure you are using the proper library.
warning #10373-D: library "C:\ti\OMAPL138_StarterWare_1_10_04_01\binary\c674x\cgt_ccs\omapl138\drivers\Debug\drivers.lib" contains ELF object files which are incompatible with the TI-COFF output file.  Ensure you are using the proper library.
'Finished building target: Lab5.out'
' '

**** Build Finished ****

**** Build of configuration Debug for project Lab3s2 ****

"C:\\ti\\ccsv5\\utils\\bin\\gmake" -k all 
gmake: Nothing to be done for `all'.

**** Build Finished ****

**** Build of configuration Debug for project Lab4 ****

"C:\\ti\\ccsv5\\utils\\bin\\gmake" -k all 
gmake: Nothing to be done for `all'.

**** Build Finished ****

**** Build of configuration Training for project Lab5 ****

"C:\\ti\\ccsv5\\utils\\bin\\gmake" -k all 
'Building file: ../L138_LCDK_aic3106_init.c'
'Invoking: C6000 Compiler'
"C:/ti/ccsv5/tools/compiler/c6000_7.4.4/bin/cl6x" -mv6740 --abi=coffabi -g --include_path="C:/ti/ccsv5/tools/compiler/c6000_7.4.4/include" --include_path="C:/ti/dsplib_c674x_3_4_0_0/packages" --include_path="C:/ti/L138_support" --include_path="C:/ti/OMAP-L138_GEL_BSL_Files/bsl/inc" --include_path="C:/ti/OMAPL138_StarterWare_1_10_04_01/include" --include_path="C:/ti/OMAPL138_StarterWare_1_10_04_01/include/hw" --include_path="C:/ti/OMAPL138_StarterWare_1_10_04_01/include/c674x/omapl138" --define=omapl138 --define=TRAINING --display_error_number --diag_warning=225 --diag_wrap=off --preproc_with_compile --preproc_dependency="L138_LCDK_aic3106_init.pp"  "../L138_LCDK_aic3106_init.c"
'Finished building: ../L138_LCDK_aic3106_init.c'
' '
'Building file: ../L138_LCDK_switch_led.c'
'Invoking: C6000 Compiler'
"C:/ti/ccsv5/tools/compiler/c6000_7.4.4/bin/cl6x" -mv6740 --abi=coffabi -g --include_path="C:/ti/ccsv5/tools/compiler/c6000_7.4.4/include" --include_path="C:/ti/dsplib_c674x_3_4_0_0/packages" --include_path="C:/ti/L138_support" --include_path="C:/ti/OMAP-L138_GEL_BSL_Files/bsl/inc" --include_path="C:/ti/OMAPL138_StarterWare_1_10_04_01/include" --include_path="C:/ti/OMAPL138_StarterWare_1_10_04_01/include/hw" --include_path="C:/ti/OMAPL138_StarterWare_1_10_04_01/include/c674x/omapl138" --define=omapl138 --define=TRAINING --display_error_number --diag_warning=225 --diag_wrap=off --preproc_with_compile --preproc_dependency="L138_LCDK_switch_led.pp"  "../L138_LCDK_switch_led.c"
'Finished building: ../L138_LCDK_switch_led.c'
' '
'Building file: ../gpio.c'
'Invoking: C6000 Compiler'
"C:/ti/ccsv5/tools/compiler/c6000_7.4.4/bin/cl6x" -mv6740 --abi=coffabi -g --include_path="C:/ti/ccsv5/tools/compiler/c6000_7.4.4/include" --include_path="C:/ti/dsplib_c674x_3_4_0_0/packages" --include_path="C:/ti/L138_support" --include_path="C:/ti/OMAP-L138_GEL_BSL_Files/bsl/inc" --include_path="C:/ti/OMAPL138_StarterWare_1_10_04_01/include" --include_path="C:/ti/OMAPL138_StarterWare_1_10_04_01/include/hw" --include_path="C:/ti/OMAPL138_StarterWare_1_10_04_01/include/c674x/omapl138" --define=omapl138 --define=TRAINING --display_error_number --diag_warning=225 --diag_wrap=off --preproc_with_compile --preproc_dependency="gpio.pp"  "../gpio.c"
'Finished building: ../gpio.c'
' '
'Building file: ../main.c'
'Invoking: C6000 Compiler'
"C:/ti/ccsv5/tools/compiler/c6000_7.4.4/bin/cl6x" -mv6740 --abi=coffabi -g --include_path="C:/ti/ccsv5/tools/compiler/c6000_7.4.4/include" --include_path="C:/ti/dsplib_c674x_3_4_0_0/packages" --include_path="C:/ti/L138_support" --include_path="C:/ti/OMAP-L138_GEL_BSL_Files/bsl/inc" --include_path="C:/ti/OMAPL138_StarterWare_1_10_04_01/include" --include_path="C:/ti/OMAPL138_StarterWare_1_10_04_01/include/hw" --include_path="C:/ti/OMAPL138_StarterWare_1_10_04_01/include/c674x/omapl138" --define=omapl138 --define=TRAINING --display_error_number --diag_warning=225 --diag_wrap=off --preproc_with_compile --preproc_dependency="main.pp"  "../main.c"
"C:/ti/ccsv5/tools/compiler/c6000_7.4.4/include/stdint.h", line 42: warning #303-D: typedef name has already been declared (with same type)
"C:/ti/ccsv5/tools/compiler/c6000_7.4.4/include/stdint.h", line 43: warning #303-D: typedef name has already been declared (with same type)
"C:/ti/ccsv5/tools/compiler/c6000_7.4.4/include/stdint.h", line 44: warning #303-D: typedef name has already been declared (with same type)
"C:/ti/ccsv5/tools/compiler/c6000_7.4.4/include/stdint.h", line 45: warning #303-D: typedef name has already been declared (with same type)
"C:/ti/ccsv5/tools/compiler/c6000_7.4.4/include/stdint.h", line 46: warning #303-D: typedef name has already been declared (with same type)
"C:/ti/ccsv5/tools/compiler/c6000_7.4.4/include/stdint.h", line 47: warning #303-D: typedef name has already been declared (with same type)
'Finished building: ../main.c'
' '
'Building file: ../maincatherine.c'
'Invoking: C6000 Compiler'
"C:/ti/ccsv5/tools/compiler/c6000_7.4.4/bin/cl6x" -mv6740 --abi=coffabi -g --include_path="C:/ti/ccsv5/tools/compiler/c6000_7.4.4/include" --include_path="C:/ti/dsplib_c674x_3_4_0_0/packages" --include_path="C:/ti/L138_support" --include_path="C:/ti/OMAP-L138_GEL_BSL_Files/bsl/inc" --include_path="C:/ti/OMAPL138_StarterWare_1_10_04_01/include" --include_path="C:/ti/OMAPL138_StarterWare_1_10_04_01/include/hw" --include_path="C:/ti/OMAPL138_StarterWare_1_10_04_01/include/c674x/omapl138" --define=omapl138 --define=TRAINING --display_error_number --diag_warning=225 --diag_wrap=off --preproc_with_compile --preproc_dependency="maincatherine.pp"  "../maincatherine.c"
"../maincatherine.c", line 277: warning #97-D: a translation unit must contain at least one declaration
'Finished building: ../maincatherine.c'
' '
'Building file: ../neuralNet.c'
'Invoking: C6000 Compiler'
"C:/ti/ccsv5/tools/compiler/c6000_7.4.4/bin/cl6x" -mv6740 --abi=coffabi -g --include_path="C:/ti/ccsv5/tools/compiler/c6000_7.4.4/include" --include_path="C:/ti/dsplib_c674x_3_4_0_0/packages" --include_path="C:/ti/L138_support" --include_path="C:/ti/OMAP-L138_GEL_BSL_Files/bsl/inc" --include_path="C:/ti/OMAPL138_StarterWare_1_10_04_01/include" --include_path="C:/ti/OMAPL138_StarterWare_1_10_04_01/include/hw" --include_path="C:/ti/OMAPL138_StarterWare_1_10_04_01/include/c674x/omapl138" --define=omapl138 --define=TRAINING --display_error_number --diag_warning=225 --diag_wrap=off --preproc_with_compile --preproc_dependency="neuralNet.pp"  "../neuralNet.c"
"../neuralNet.c", line 93: warning #97-D: a translation unit must contain at least one declaration
'Finished building: ../neuralNet.c'
' '
'Building file: ../psc.c'
'Invoking: C6000 Compiler'
"C:/ti/ccsv5/tools/compiler/c6000_7.4.4/bin/cl6x" -mv6740 --abi=coffabi -g --include_path="C:/ti/ccsv5/tools/compiler/c6000_7.4.4/include" --include_path="C:/ti/dsplib_c674x_3_4_0_0/packages" --include_path="C:/ti/L138_support" --include_path="C:/ti/OMAP-L138_GEL_BSL_Files/bsl/inc" --include_path="C:/ti/OMAPL138_StarterWare_1_10_04_01/include" --include_path="C:/ti/OMAPL138_StarterWare_1_10_04_01/include/hw" --include_path="C:/ti/OMAPL138_StarterWare_1_10_04_01/include/c674x/omapl138" --define=omapl138 --define=TRAINING --display_error_number --diag_warning=225 --diag_wrap=off --preproc_with_compile --preproc_dependency="psc.pp"  "../psc.c"
'Finished building: ../psc.c'
' '
'Building file: ../vectors_intr.asm'
'Invoking: C6000 Compiler'
"C:/ti/ccsv5/tools/compiler/c6000_7.4.4/bin/cl6x" -mv6740 --abi=coffabi -g --include_path="C:/ti/ccsv5/tools/compiler/c6000_7.4.4/include" --include_path="C:/ti/dsplib_c674x_3_4_0_0/packages" --include_path="C:/ti/L138_support" --include_path="C:/ti/OMAP-L138_GEL_BSL_Files/bsl/inc" --include_path="C:/ti/OMAPL138_StarterWare_1_10_04_01/include" --include_path="C:/ti/OMAPL138_StarterWare_1_10_04_01/include/hw" --include_path="C:/ti/OMAPL138_StarterWare_1_10_04_01/include/c674x/omapl138" --define=omapl138 --define=TRAINING --display_error_number --diag_warning=225 --diag_wrap=off --preproc_with_compile --preproc_dependency="vectors_intr.pp"  "../vectors_intr.asm"
'Finished building: ../vectors_intr.asm'
' '
'Building target: Lab5.out'
'Invoking: C6000 Linker'
"C:/ti/ccsv5/tools/compiler/c6000_7.4.4/bin/cl6x" -mv6740 --abi=coffabi -g --define=omapl138 --define=TRAINING --display_error_number --diag_warning=225 --diag_wrap=off -z --stack_size=0x800 -m"Lab5.map" --heap_size=0x800 -i"C:/ti/ccsv5/tools/compiler/c6000_7.4.4/lib" -i"C:/ti/ccsv5/tools/compiler/c6000_7.4.4/include" --reread_libs --define=DSP_CORE=1 --warn_sections --display_error_number --diag_wrap=off --xml_link_info="Lab5_linkInfo.xml" --rom_model -o "Lab5.out"  "./vectors_intr.obj" "./psc.obj" "./neuralNet.obj" "./maincatherine.obj" "./main.obj" "./gpio.obj" "./L138_LCDK_switch_led.obj" "./L138_LCDK_aic3106_init.obj" "../linker_dsp.cmd" -l"C:\ti\OMAP-L138_GEL_BSL_Files\bsl\lib\evmomapl138_bsl.lib" -l"C:\ti\dsplib_c674x_3_4_0_0\packages\ti\dsplib\lib\dsplib.lib" -l"C:\ti\OMAPL138_StarterWare_1_10_04_01\binary\c674x\cgt_ccs\omapl138\drivers\Debug\drivers.lib" -l"rts6740.lib" 
<Linking>
warning #10373-D: library "C:\ti\OMAPL138_StarterWare_1_10_04_01\binary\c674x\cgt_ccs\omapl138\drivers\Debug\drivers.lib" contains ELF object files which are incompatible with the TI-COFF output file.  Ensure you are using the proper library.
warning #10373-D: library "C:\ti\OMAPL138_StarterWare_1_10_04_01\binary\c674x\cgt_ccs\omapl138\drivers\Debug\drivers.lib" contains ELF object files which are incompatible with the TI-COFF output file.  Ensure you are using the proper library.
'Finished building target: Lab5.out'
' '

**** Build Finished ****

**** Build of configuration Debug for project SamplingExperiments ****

"C:\\ti\\ccsv5\\utils\\bin\\gmake" -k all 
gmake: Nothing to be done for `all'.

**** Build Finished ****

**** Build of configuration Debug for project Lab3s2 ****

"C:\\ti\\ccsv5\\utils\\bin\\gmake" -k all 
gmake: Nothing to be done for `all'.

**** Build Finished ****

**** Build of configuration Debug for project Lab4 ****

"C:\\ti\\ccsv5\\utils\\bin\\gmake" -k all 
gmake: Nothing to be done for `all'.

**** Build Finished ****

**** Build of configuration Training for project Lab5 ****

"C:\\ti\\ccsv5\\utils\\bin\\gmake" -k all 
'Building target: Lab5.out'
'Invoking: C6000 Linker'
"C:/ti/ccsv5/tools/compiler/c6000_7.4.4/bin/cl6x" -mv6740 --abi=coffabi -g --define=omapl138 --define=TRAINING --display_error_number --diag_warning=225 --diag_wrap=off -z --stack_size=0x800 -m"Lab5.map" --heap_size=0x800 -i"C:/ti/ccsv5/tools/compiler/c6000_7.4.4/lib" -i"C:/ti/ccsv5/tools/compiler/c6000_7.4.4/include" --reread_libs --define=DSP_CORE=1 --warn_sections --display_error_number --diag_wrap=off --xml_link_info="Lab5_linkInfo.xml" --rom_model -o "Lab5.out"  "./vectors_intr.obj" "./psc.obj" "./neuralNet.obj" "./main.obj" "./gpio.obj" "./L138_LCDK_switch_led.obj" "./L138_LCDK_aic3106_init.obj" "../linker_dsp.cmd" -l"C:\ti\OMAP-L138_GEL_BSL_Files\bsl\lib\evmomapl138_bsl.lib" -l"C:\ti\dsplib_c674x_3_4_0_0\packages\ti\dsplib\lib\dsplib.lib" -l"C:\ti\OMAPL138_StarterWare_1_10_04_01\binary\c674x\cgt_ccs\omapl138\drivers\Debug\drivers.lib" -l"rts6740.lib" 
<Linking>
warning #10373-D: library "C:\ti\OMAPL138_StarterWare_1_10_04_01\binary\c674x\cgt_ccs\omapl138\drivers\Debug\drivers.lib" contains ELF object files which are incompatible with the TI-COFF output file.  Ensure you are using the proper library.
warning #10373-D: library "C:\ti\OMAPL138_StarterWare_1_10_04_01\binary\c674x\cgt_ccs\omapl138\drivers\Debug\drivers.lib" contains ELF object files which are incompatible with the TI-COFF output file.  Ensure you are using the proper library.
'Finished building target: Lab5.out'
' '

**** Build Finished ****

**** Build of configuration Debug for project SamplingExperiments ****

"C:\\ti\\ccsv5\\utils\\bin\\gmake" -k all 
gmake: Nothing to be done for `all'.

**** Build Finished ****

**** Build of configuration Training for project Lab5 ****

"C:\\ti\\ccsv5\\utils\\bin\\gmake" -k all 
gmake: Nothing to be done for `all'.

**** Build Finished ****

**** Build of configuration Training for project Lab5 ****

"C:\\ti\\ccsv5\\utils\\bin\\gmake" -k all 
gmake: Nothing to be done for `all'.

**** Build Finished ****

**** Build of configuration Debug for project Lab3s2 ****

"C:\\ti\\ccsv5\\utils\\bin\\gmake" -k all 
gmake: Nothing to be done for `all'.

**** Build Finished ****

**** Build of configuration Debug for project Lab4 ****

"C:\\ti\\ccsv5\\utils\\bin\\gmake" -k all 
gmake: Nothing to be done for `all'.

**** Build Finished ****

**** Build of configuration Training for project Lab5 ****

"C:\\ti\\ccsv5\\utils\\bin\\gmake" -k all 
'Building file: ../main.c'
'Invoking: C6000 Compiler'
"C:/ti/ccsv5/tools/compiler/c6000_7.4.4/bin/cl6x" -mv6740 --abi=coffabi -g --include_path="C:/ti/ccsv5/tools/compiler/c6000_7.4.4/include" --include_path="C:/ti/dsplib_c674x_3_4_0_0/packages" --include_path="C:/ti/L138_support" --include_path="C:/ti/OMAP-L138_GEL_BSL_Files/bsl/inc" --include_path="C:/ti/OMAPL138_StarterWare_1_10_04_01/include" --include_path="C:/ti/OMAPL138_StarterWare_1_10_04_01/include/hw" --include_path="C:/ti/OMAPL138_StarterWare_1_10_04_01/include/c674x/omapl138" --define=omapl138 --define=TRAINING --display_error_number --diag_warning=225 --diag_wrap=off --preproc_with_compile --preproc_dependency="main.pp"  "../main.c"
"C:/ti/ccsv5/tools/compiler/c6000_7.4.4/include/stdint.h", line 42: warning #303-D: typedef name has already been declared (with same type)
"C:/ti/ccsv5/tools/compiler/c6000_7.4.4/include/stdint.h", line 43: warning #303-D: typedef name has already been declared (with same type)
"C:/ti/ccsv5/tools/compiler/c6000_7.4.4/include/stdint.h", line 44: warning #303-D: typedef name has already been declared (with same type)
"C:/ti/ccsv5/tools/compiler/c6000_7.4.4/include/stdint.h", line 45: warning #303-D: typedef name has already been declared (with same type)
"C:/ti/ccsv5/tools/compiler/c6000_7.4.4/include/stdint.h", line 46: warning #303-D: typedef name has already been declared (with same type)
"C:/ti/ccsv5/tools/compiler/c6000_7.4.4/include/stdint.h", line 47: warning #303-D: typedef name has already been declared (with same type)
'Finished building: ../main.c'
' '
'Building target: Lab5.out'
'Invoking: C6000 Linker'
"C:/ti/ccsv5/tools/compiler/c6000_7.4.4/bin/cl6x" -mv6740 --abi=coffabi -g --define=omapl138 --define=TRAINING --display_error_number --diag_warning=225 --diag_wrap=off -z --stack_size=0x800 -m"Lab5.map" --heap_size=0x800 -i"C:/ti/ccsv5/tools/compiler/c6000_7.4.4/lib" -i"C:/ti/ccsv5/tools/compiler/c6000_7.4.4/include" --reread_libs --define=DSP_CORE=1 --warn_sections --display_error_number --diag_wrap=off --xml_link_info="Lab5_linkInfo.xml" --rom_model -o "Lab5.out"  "./vectors_intr.obj" "./psc.obj" "./neuralNet.obj" "./main.obj" "./gpio.obj" "./L138_LCDK_switch_led.obj" "./L138_LCDK_aic3106_init.obj" "../linker_dsp.cmd" -l"C:\ti\OMAP-L138_GEL_BSL_Files\bsl\lib\evmomapl138_bsl.lib" -l"C:\ti\dsplib_c674x_3_4_0_0\packages\ti\dsplib\lib\dsplib.lib" -l"C:\ti\OMAPL138_StarterWare_1_10_04_01\binary\c674x\cgt_ccs\omapl138\drivers\Debug\drivers.lib" -l"rts6740.lib" 
<Linking>
warning #10373-D: library "C:\ti\OMAPL138_StarterWare_1_10_04_01\binary\c674x\cgt_ccs\omapl138\drivers\Debug\drivers.lib" contains ELF object files which are incompatible with the TI-COFF output file.  Ensure you are using the proper library.
warning #10373-D: library "C:\ti\OMAPL138_StarterWare_1_10_04_01\binary\c674x\cgt_ccs\omapl138\drivers\Debug\drivers.lib" contains ELF object files which are incompatible with the TI-COFF output file.  Ensure you are using the proper library.
'Finished building target: Lab5.out'
' '

**** Build Finished ****

**** Build of configuration Debug for project SamplingExperiments ****

"C:\\ti\\ccsv5\\utils\\bin\\gmake" -k all 
gmake: Nothing to be done for `all'.

**** Build Finished ****

**** Build of configuration Training for project Lab5 ****

"C:\\ti\\ccsv5\\utils\\bin\\gmake" -k all 
gmake: Nothing to be done for `all'.

**** Build Finished ****
